2025-10-05 21:33:13.647 | Warning: colorama not found. Colors will not be used in output.
2025-10-05 21:33:13.647 | Warning: tabulate not found. Status tables will be basic.
2025-10-05 21:33:13.787 | 2025-10-05 19:33:13,787 - base_node - WARNING - Node class schema type 'LogMessage' doesn't match registered type 'log_message'
2025-10-05 21:33:13.902 | 2025-10-05 19:33:13,901 - node_registry - INFO - Registered node type: aggregate -> AggregateNode
2025-10-05 21:33:13.904 | 2025-10-05 19:33:13,903 - node_registry - WARNING - Could not verify schema for node type 'filter': name 'NodeResource' is not defined
2025-10-05 21:33:13.904 | 2025-10-05 19:33:13,904 - node_registry - INFO - Registered node type: filter -> FilterNode
2025-10-05 21:33:13.904 | 2025-10-05 19:33:13,904 - act.nodes.FilterNode - ERROR - Error registering FilterNode with registry: name 'self' is not defined
2025-10-05 21:33:13.905 | 2025-10-05 19:33:13,905 - node_registry - WARNING - Could not verify schema for node type 'list': name 'NodeResource' is not defined
2025-10-05 21:33:13.905 | 2025-10-05 19:33:13,905 - node_registry - INFO - Registered node type: list -> ListNode
2025-10-05 21:33:13.905 | 2025-10-05 19:33:13,905 - act.nodes.ListNode - ERROR - Error registering ListNode with registry: name 'self' is not defined
2025-10-05 21:33:13.907 | 2025-10-05 19:33:13,907 - node_registry - WARNING - Could not verify schema for node type 'start': name 'NodeResource' is not defined
2025-10-05 21:33:13.907 | 2025-10-05 19:33:13,907 - node_registry - INFO - Registered node type: start -> StartNode
2025-10-05 21:33:13.907 | 2025-10-05 19:33:13,907 - act.nodes.StartNode - ERROR - Error registering StartNode with registry: name 'self' is not defined
2025-10-05 21:33:13.916 | 2025-10-05 19:33:13,916 - act.nodes - ERROR - ‚ùå Could not import AirtableNode from AirtableNode: name 'false' is not defined
2025-10-05 21:33:13.916 | 2025-10-05 19:33:13,916 - act.nodes - ERROR - ‚ùå Could not import AnthropicNode from AnthropicNode: No module named 'act.nodes.AnthropicNode'
2025-10-05 21:33:13.919 | 2025-10-05 19:33:13,918 - universal_request_node - INFO - UniversalRequestNode initialized for auth0
2025-10-05 21:33:13.919 | 2025-10-05 19:33:13,918 - act.nodes.Auth0Node - INFO - Enhanced Auth0Node initialized with 39 operations and all 13 enhancements
2025-10-05 21:33:13.919 | 2025-10-05 19:33:13,919 - node_registry - INFO - Registered node type: auth0 -> Auth0Node
2025-10-05 21:33:13.919 | 2025-10-05 19:33:13,919 - act.nodes.Auth0Node - ERROR - Error registering Auth0Node with registry: name 'self' is not defined
2025-10-05 21:33:14.073 | 2025-10-05 19:33:14,073 - act.nodes - ERROR - ‚ùå Could not import AwsNode from AwsNode: No module named 'act_workflow.act.node_schema'
2025-10-05 21:33:14.076 | 2025-10-05 19:33:14,076 - act.nodes - ERROR - ‚ùå Could not import CodeNode from CodeNode: module 'act.nodes.CodeNode' has no attribute 'CodeNode'
2025-10-05 21:33:14.104 | 2025-10-05 19:33:14,103 - node_registry - INFO - Registered node type: Dataformatter -> DataformatterNode
2025-10-05 21:33:14.116 | 2025-10-05 19:33:14,104 - act.nodes.DataformatterNode - ERROR - Error registering DataformatterNode with registry: name 'self' is not defined
2025-10-05 21:33:14.308 | 2025-10-05 19:33:14,306 - act.nodes.universal_request_node - INFO - UniversalRequestNode initialized for github
2025-10-05 21:33:14.498 | 2025-10-05 19:33:14,498 - node_registry - INFO - Registered node type: request -> RequestNode
2025-10-05 21:33:14.498 | 2025-10-05 19:33:14,498 - act.nodes.RequestNode - ERROR - Error registering RequestNode with registry: name 'self' is not defined
2025-10-05 21:33:14.532 | 2025-10-05 19:33:14,532 - node_registry - INFO - Registered node type: slack -> SlackNode
2025-10-05 21:33:14.533 | 2025-10-05 19:33:14,533 - act.nodes.SlackNode - ERROR - Error registering SlackNode with registry: name 'self' is not defined
2025-10-05 21:33:15.033 | 2025-10-05 19:33:15,033 - node_registry - WARNING - Could not verify schema for node type 'zoom': UniversalRequestNode.__init__() missing 2 required positional arguments: 'config' and 'operations'
2025-10-05 21:33:15.034 | 2025-10-05 19:33:15,034 - node_registry - INFO - Registered node type: zoom -> ZoomNode
2025-10-05 21:33:15.034 | 2025-10-05 19:33:15,034 - act.nodes.ZoomNode - ERROR - Error registering ZoomNode with registry: name 'self' is not defined
2025-10-05 21:33:15.035 | 2025-10-05 19:33:15,034 - act.nodes - INFO - Successfully registered 42 node types: ['base', 'py', 'python', 'log_message', 'log', 'openai', 'if', 'gemini', 'data', 'set', 'switch', 'aggregate', 'filter', 'list', 'start', 'action_network', 'active_campaign', 'acuity_scheduling', 'asana', 'auth0', 'claude_node', 'clickup', 'command', 'dataformatter', 'datetime', 'discord', 'email', 'github', 'google_sheets', 'hubspot', 'jira', 'linear', 'mongodb', 'notion', 'postgresql', 'redis', 'request', 's3', 'salesforce', 'slack', 'stripe', 'zoom']
2025-10-05 21:33:15.109 | Attempting to run Actfile: /app/flow
2025-10-05 21:33:15.110 | 2025-10-05 19:33:15,109 - act.execution_manager - INFO - Initializing Advanced ExecutionManager with Actfile: /app/flow
2025-10-05 21:33:15.110 | 2025-10-05 19:33:15,109 - act.execution_manager - INFO - Loading workflow data from: /app/flow
2025-10-05 21:33:15.110 | 2025-10-05 19:33:15,110 - act.actfile_parser - INFO - Initialized Enhanced ActfileParser for path: /app/flow
2025-10-05 21:33:15.110 | 2025-10-05 19:33:15,110 - act.actfile_parser - INFO - Starting enhanced parsing of Actfile: /app/flow
2025-10-05 21:33:15.112 | 2025-10-05 19:33:15,112 - act.actfile_parser - INFO - Parsed 1 parameters.
2025-10-05 21:33:15.113 | 2025-10-05 19:33:15,113 - act.actfile_parser - INFO - Parsed 89 node definitions.
2025-10-05 21:33:15.113 | 2025-10-05 19:33:15,113 - act.actfile_parser - INFO - Parsed 88 edges from 53 source nodes.
2025-10-05 21:33:15.115 | 2025-10-05 19:33:15,114 - act.actfile_parser - INFO - Enhanced Actfile parsing completed successfully.
2025-10-05 21:33:15.115 | 2025-10-05 19:33:15,114 - act.execution_manager - INFO - Actfile parsed successfully.
2025-10-05 21:33:15.115 | 2025-10-05 19:33:15,114 - act.execution_manager - INFO - Validating workflow DAG structure...
2025-10-05 21:33:15.115 | 2025-10-05 19:33:15,114 - act.execution_manager - INFO - Workflow DAG validation passed - no circular dependencies detected
2025-10-05 21:33:15.115 | 2025-10-05 19:33:15,115 - act.execution_manager - WARNING - Orphaned nodes detected (unreachable from start): {'GenerateOrderNumber'}
2025-10-05 21:33:15.115 | 2025-10-05 19:33:15,115 - act.execution_manager - INFO - Loading node executors for the current workflow...
2025-10-05 21:33:15.116 | 2025-10-05 19:33:15,115 - act.execution_manager - INFO - Workflow requires node types: aci, generate_uuid, log_message, neon
2025-10-05 21:33:15.116 | 2025-10-05 19:33:15,115 - act.execution_manager - INFO - Scanning nodes directory: /app/act/nodes
2025-10-05 21:33:15.121 | 2025-10-05 19:33:15,121 - node_registry - WARNING - Could not verify schema for node type 'wise': 1 validation error for NodeParameter
2025-10-05 21:33:15.121 | name
2025-10-05 21:33:15.121 |   Field required [type=missing, input_value={'type': <NodeParameterTy...OOK', 'VERIFY_ACCOUNT']}, input_type=dict]
2025-10-05 21:33:15.121 |     For further information visit https://errors.pydantic.dev/2.11/v/missing
2025-10-05 21:33:15.121 | 2025-10-05 19:33:15,121 - node_registry - INFO - Registered node type: wise -> WiseNode
2025-10-05 21:33:15.121 | 2025-10-05 19:33:15,121 - act.nodes.WiseNode - ERROR - Error registering WiseNode with registry: name 'self' is not defined
2025-10-05 21:33:15.153 | 2025-10-05 19:33:15,153 - node_registry - INFO - Registered node type: vault -> VaultNode
2025-10-05 21:33:15.165 | 2025-10-05 19:33:15,154 - act.nodes.VaultNode - ERROR - Error registering VaultNode with registry: name 'self' is not defined
2025-10-05 21:33:15.202 | 2025-10-05 19:33:15,202 - node_registry - INFO - Registered node type: google_analytics -> GoogleAnalyticsNode
2025-10-05 21:33:15.206 | 2025-10-05 19:33:15,205 - act.nodes.GoogleAnalyticsNode - ERROR - Error registering GoogleAnalyticsNode with registry: name 'self' is not defined
2025-10-05 21:33:15.230 | 2025-10-05 19:33:15,230 - node_registry - WARNING - Could not verify schema for node type 'monday': 1 validation error for NodeParameter
2025-10-05 21:33:15.230 | name
2025-10-05 21:33:15.230 |   Field required [type=missing, input_value={'type': <NodeParameterTy...M', 'UPDATE_WORKSPACE']}, input_type=dict]
2025-10-05 21:33:15.230 |     For further information visit https://errors.pydantic.dev/2.11/v/missing
2025-10-05 21:33:15.230 | 2025-10-05 19:33:15,230 - node_registry - INFO - Registered node type: monday -> MondayNode
2025-10-05 21:33:15.230 | 2025-10-05 19:33:15,230 - act.nodes.MondayNode - ERROR - Error registering MondayNode with registry: name 'self' is not defined
2025-10-05 21:33:15.246 | 2025-10-05 19:33:15,246 - act.execution_manager - ERROR - ImportError processing node file PromptTemplatingNode: No module named 'act_workflow.act.node_schema'
2025-10-05 21:33:15.390 | 2025-10-05 19:33:15,389 - act.execution_manager - ERROR - ImportError processing node file ConversationMemoryNode: attempted relative import with no known parent package
2025-10-05 21:33:15.537 | 2025-10-05 19:33:15,537 - act.execution_manager - ERROR - ImportError processing node file VectorDatabaseNode: attempted relative import with no known parent package
2025-10-05 21:33:15.555 | 2025-10-05 19:33:15,555 - node_registry - INFO - Registered node type: qrcode -> QRCodeNode
2025-10-05 21:33:15.557 | 2025-10-05 19:33:15,556 - act.nodes.QRCodeNode - ERROR - Error registering QRCodeNode with registry: name 'self' is not defined
2025-10-05 21:33:15.682 | 2025-10-05 19:33:15,681 - act.nodes.python_node - INFO - Registered node type: python
2025-10-05 21:33:15.684 | 2025-10-05 19:33:15,684 - act.execution_manager - ERROR - ImportError processing node file EmbeddingSimilarityNode: attempted relative import with no known parent package
2025-10-05 21:33:15.707 | 2025-10-05 19:33:15,707 - node_registry - INFO - Registered node type: dynamodb -> DynamoDBNode
2025-10-05 21:33:15.708 | 2025-10-05 19:33:15,708 - act.nodes.DynamodbNode - ERROR - Error registering DynamoDBNode with registry: name 'self' is not defined
2025-10-05 21:33:15.724 | 2025-10-05 19:33:15,724 - node_registry - INFO - Registered node type: trello -> TrelloNode
2025-10-05 21:33:15.726 | 2025-10-05 19:33:15,725 - act.nodes.TrelloNode_old - INFO - Successfully registered TrelloNode with registry
2025-10-05 21:33:15.732 | 2025-10-05 19:33:15,728 - act.execution_manager - ERROR - Error processing node file CloudflareNode (/app/act/nodes/CloudflareNode.py): name 'true' is not defined
2025-10-05 21:33:15.732 | Traceback (most recent call last):
2025-10-05 21:33:15.732 |   File "/app/act/execution_manager.py", line 590, in discover_node_classes
2025-10-05 21:33:15.732 |     module = importlib.import_module(full_module_name)
2025-10-05 21:33:15.732 |              ^^^^^^^^^^^^^^^^^^^^^^^^^^^^^^^^^^^^^^^^^
2025-10-05 21:33:15.732 |   File "/usr/local/lib/python3.11/importlib/__init__.py", line 126, in import_module
2025-10-05 21:33:15.732 |     return _bootstrap._gcd_import(name[level:], package, level)
2025-10-05 21:33:15.732 |            ^^^^^^^^^^^^^^^^^^^^^^^^^^^^^^^^^^^^^^^^^^^^^^^^^^^^
2025-10-05 21:33:15.732 |   File "<frozen importlib._bootstrap>", line 1204, in _gcd_import
2025-10-05 21:33:15.732 |   File "<frozen importlib._bootstrap>", line 1176, in _find_and_load
2025-10-05 21:33:15.732 |   File "<frozen importlib._bootstrap>", line 1147, in _find_and_load_unlocked
2025-10-05 21:33:15.732 |   File "<frozen importlib._bootstrap>", line 690, in _load_unlocked
2025-10-05 21:33:15.732 |   File "<frozen importlib._bootstrap_external>", line 940, in exec_module
2025-10-05 21:33:15.732 |   File "<frozen importlib._bootstrap>", line 241, in _call_with_frames_removed
2025-10-05 21:33:15.732 |   File "/app/act/nodes/CloudflareNode.py", line 30, in <module>
2025-10-05 21:33:15.732 |     class CloudflareNode(BaseNode):
2025-10-05 21:33:15.732 |   File "/app/act/nodes/CloudflareNode.py", line 448, in CloudflareNode
2025-10-05 21:33:15.732 |     "required": true
2025-10-05 21:33:15.732 |                 ^^^^
2025-10-05 21:33:15.732 | NameError: name 'true' is not defined
2025-10-05 21:33:15.744 | 2025-10-05 19:33:15,742 - act.execution_manager - ERROR - Error processing node file AirtableNode (/app/act/nodes/AirtableNode.py): name 'false' is not defined
2025-10-05 21:33:15.744 | Traceback (most recent call last):
2025-10-05 21:33:15.744 |   File "/app/act/execution_manager.py", line 590, in discover_node_classes
2025-10-05 21:33:15.744 |     module = importlib.import_module(full_module_name)
2025-10-05 21:33:15.744 |              ^^^^^^^^^^^^^^^^^^^^^^^^^^^^^^^^^^^^^^^^^
2025-10-05 21:33:15.744 |   File "/usr/local/lib/python3.11/importlib/__init__.py", line 126, in import_module
2025-10-05 21:33:15.744 |     return _bootstrap._gcd_import(name[level:], package, level)
2025-10-05 21:33:15.744 |            ^^^^^^^^^^^^^^^^^^^^^^^^^^^^^^^^^^^^^^^^^^^^^^^^^^^^
2025-10-05 21:33:15.744 |   File "<frozen importlib._bootstrap>", line 1204, in _gcd_import
2025-10-05 21:33:15.744 |   File "<frozen importlib._bootstrap>", line 1176, in _find_and_load
2025-10-05 21:33:15.744 |   File "<frozen importlib._bootstrap>", line 1147, in _find_and_load_unlocked
2025-10-05 21:33:15.744 |   File "<frozen importlib._bootstrap>", line 690, in _load_unlocked
2025-10-05 21:33:15.744 |   File "<frozen importlib._bootstrap_external>", line 940, in exec_module
2025-10-05 21:33:15.744 |   File "<frozen importlib._bootstrap>", line 241, in _call_with_frames_removed
2025-10-05 21:33:15.744 |   File "/app/act/nodes/AirtableNode.py", line 30, in <module>
2025-10-05 21:33:15.744 |     class AirtableNode(BaseNode):
2025-10-05 21:33:15.744 |   File "/app/act/nodes/AirtableNode.py", line 2710, in AirtableNode
2025-10-05 21:33:15.744 |     "isHookEnabled": false
2025-10-05 21:33:15.744 |                      ^^^^^
2025-10-05 21:33:15.744 | NameError: name 'false' is not defined
2025-10-05 21:33:15.767 | 2025-10-05 19:33:15,767 - node_registry - WARNING - Could not verify schema for node type 'shopify': UniversalRequestNode.__init__() missing 2 required positional arguments: 'config' and 'operations'
2025-10-05 21:33:15.768 | 2025-10-05 19:33:15,768 - node_registry - INFO - Registered node type: shopify -> ShopifyNode
2025-10-05 21:33:15.768 | 2025-10-05 19:33:15,768 - act.nodes.ShopifyNode - ERROR - Error registering ShopifyNode with registry: name 'self' is not defined
2025-10-05 21:33:15.790 | 2025-10-05 19:33:15,789 - node_registry - INFO - Registered node type: okta -> OktaNode
2025-10-05 21:33:15.792 | 2025-10-05 19:33:15,791 - act.nodes.OktaNode - ERROR - Error registering OktaNode with registry: name 'self' is not defined
2025-10-05 21:33:15.827 | 2025-10-05 19:33:15,827 - node_registry - INFO - Registered node type: googlecloud -> GoogleCloudNode
2025-10-05 21:33:15.830 | 2025-10-05 19:33:15,828 - act.nodes.GoogleCloudNode - ERROR - Error registering GoogleCloudNode with registry: name 'self' is not defined
2025-10-05 21:33:15.847 | 2025-10-05 19:33:15,847 - node_registry - INFO - Registered node type: onelogin -> OneLoginNode
2025-10-05 21:33:15.850 | 2025-10-05 19:33:15,848 - act.nodes.OneLoginNode - ERROR - Error registering OneLoginNode with registry: name 'self' is not defined
2025-10-05 21:33:15.853 | 2025-10-05 19:33:15,851 - act.execution_manager - ERROR - Error processing node file TwilioNode (/app/act/nodes/TwilioNode.py): name 'TwilioClient' is not defined
2025-10-05 21:33:15.853 | Traceback (most recent call last):
2025-10-05 21:33:15.853 |   File "/app/act/execution_manager.py", line 590, in discover_node_classes
2025-10-05 21:33:15.853 |     module = importlib.import_module(full_module_name)
2025-10-05 21:33:15.853 |              ^^^^^^^^^^^^^^^^^^^^^^^^^^^^^^^^^^^^^^^^^
2025-10-05 21:33:15.853 |   File "/usr/local/lib/python3.11/importlib/__init__.py", line 126, in import_module
2025-10-05 21:33:15.853 |     return _bootstrap._gcd_import(name[level:], package, level)
2025-10-05 21:33:15.853 |            ^^^^^^^^^^^^^^^^^^^^^^^^^^^^^^^^^^^^^^^^^^^^^^^^^^^^
2025-10-05 21:33:15.853 |   File "<frozen importlib._bootstrap>", line 1204, in _gcd_import
2025-10-05 21:33:15.853 |   File "<frozen importlib._bootstrap>", line 1176, in _find_and_load
2025-10-05 21:33:15.853 |   File "<frozen importlib._bootstrap>", line 1147, in _find_and_load_unlocked
2025-10-05 21:33:15.853 |   File "<frozen importlib._bootstrap>", line 690, in _load_unlocked
2025-10-05 21:33:15.853 |   File "<frozen importlib._bootstrap_external>", line 940, in exec_module
2025-10-05 21:33:15.853 |   File "<frozen importlib._bootstrap>", line 241, in _call_with_frames_removed
2025-10-05 21:33:15.853 |   File "/app/act/nodes/TwilioNode.py", line 136, in <module>
2025-10-05 21:33:15.853 |     class TwilioClientWrapper:
2025-10-05 21:33:15.853 |   File "/app/act/nodes/TwilioNode.py", line 139, in TwilioClientWrapper
2025-10-05 21:33:15.853 |     def __init__(self, client: TwilioClient):
2025-10-05 21:33:15.853 |                                ^^^^^^^^^^^^
2025-10-05 21:33:15.853 | NameError: name 'TwilioClient' is not defined
2025-10-05 21:33:15.858 | 2025-10-05 19:33:15,858 - act.execution_manager - ERROR - ImportError processing node file TokenCountingNode: No module named 'act_workflow.act.node_schema'
2025-10-05 21:33:15.865 | 2025-10-05 19:33:15,865 - act.execution_manager - ERROR - ImportError processing node file AwsNode: No module named 'act_workflow.act.node_schema'
2025-10-05 21:33:15.901 | 2025-10-05 19:33:15,901 - act.execution_manager - ERROR - ImportError processing node file RAGNode: attempted relative import with no known parent package
2025-10-05 21:33:15.919 | 2025-10-05 19:33:15,919 - node_registry - INFO - Registered node type: huggingface -> HuggingFaceNode
2025-10-05 21:33:15.921 | 2025-10-05 19:33:15,920 - act.nodes.HuggingFaceNode - ERROR - Error registering HuggingFaceNode with registry: name 'self' is not defined
2025-10-05 21:33:15.924 | 2025-10-05 19:33:15,924 - act.execution_manager - ERROR - Error processing node file NodeTemplate (/app/act/nodes/NodeTemplate.py): invalid syntax (NodeTemplate.py, line 34)
2025-10-05 21:33:15.924 | Traceback (most recent call last):
2025-10-05 21:33:15.924 |   File "/app/act/execution_manager.py", line 590, in discover_node_classes
2025-10-05 21:33:15.924 |     module = importlib.import_module(full_module_name)
2025-10-05 21:33:15.924 |              ^^^^^^^^^^^^^^^^^^^^^^^^^^^^^^^^^^^^^^^^^
2025-10-05 21:33:15.924 |   File "/usr/local/lib/python3.11/importlib/__init__.py", line 126, in import_module
2025-10-05 21:33:15.924 |     return _bootstrap._gcd_import(name[level:], package, level)
2025-10-05 21:33:15.924 |            ^^^^^^^^^^^^^^^^^^^^^^^^^^^^^^^^^^^^^^^^^^^^^^^^^^^^
2025-10-05 21:33:15.924 |   File "<frozen importlib._bootstrap>", line 1204, in _gcd_import
2025-10-05 21:33:15.924 |   File "<frozen importlib._bootstrap>", line 1176, in _find_and_load
2025-10-05 21:33:15.924 |   File "<frozen importlib._bootstrap>", line 1147, in _find_and_load_unlocked
2025-10-05 21:33:15.924 |   File "<frozen importlib._bootstrap>", line 690, in _load_unlocked
2025-10-05 21:33:15.924 |   File "<frozen importlib._bootstrap_external>", line 936, in exec_module
2025-10-05 21:33:15.924 |   File "<frozen importlib._bootstrap_external>", line 1074, in get_code
2025-10-05 21:33:15.924 |   File "<frozen importlib._bootstrap_external>", line 1004, in source_to_code
2025-10-05 21:33:15.924 |   File "<frozen importlib._bootstrap>", line 241, in _call_with_frames_removed
2025-10-05 21:33:15.924 |   File "/app/act/nodes/NodeTemplate.py", line 34
2025-10-05 21:33:15.924 |     class {SERVICE_NAME}Operation:
2025-10-05 21:33:15.924 |           ^
2025-10-05 21:33:15.924 | SyntaxError: invalid syntax
2025-10-05 21:33:17.136 | 2025-10-05 19:33:17,136 - act.execution_manager - ERROR - ImportError processing node file lianer: No module named 'transformers'
2025-10-05 21:33:17.159 | 2025-10-05 19:33:17,159 - node_registry - INFO - Registered node type: azure -> AzureNode
2025-10-05 21:33:17.160 | 2025-10-05 19:33:17,160 - act.nodes.AzureNode - ERROR - Error registering AzureNode with registry: name 'self' is not defined
2025-10-05 21:33:17.178 | 2025-10-05 19:33:17,177 - node_registry - INFO - Registered node type: kubernetes -> KubernetesNode
2025-10-05 21:33:17.178 | 2025-10-05 19:33:17,177 - act.nodes.KubernetesNode - ERROR - Error registering KubernetesNode with registry: name 'self' is not defined
2025-10-05 21:33:17.196 | 2025-10-05 19:33:17,194 - act.execution_manager - ERROR - ImportError processing node file FunctionCallingNode: attempted relative import with no known parent package
2025-10-05 21:33:17.232 | 2025-10-05 19:33:17,231 - node_registry - INFO - Registered node type: cyberark -> CyberArkNode
2025-10-05 21:33:17.233 | 2025-10-05 19:33:17,232 - act.nodes.CyberArkNode - ERROR - Error registering CyberArkNode with registry: name 'self' is not defined
2025-10-05 21:33:17.299 | 2025-10-05 19:33:17,298 - universal_request_node - INFO - UniversalRequestNode initialized for openai
2025-10-05 21:33:17.305 | 2025-10-05 19:33:17,304 - node_registry - WARNING - Could not verify schema for node type 'wise': 1 validation error for NodeParameter
2025-10-05 21:33:17.305 | name
2025-10-05 21:33:17.305 |   Field required [type=missing, input_value={'type': <NodeParameterTy...OOK', 'VERIFY_ACCOUNT']}, input_type=dict]
2025-10-05 21:33:17.305 |     For further information visit https://errors.pydantic.dev/2.11/v/missing
2025-10-05 21:33:17.305 | 2025-10-05 19:33:17,305 - node_registry - INFO - Registered node type: wise -> WiseNode
2025-10-05 21:33:17.305 | 2025-10-05 19:33:17,305 - WiseNode - ERROR - Error registering WiseNode with registry: name 'self' is not defined
2025-10-05 21:33:17.352 | 2025-10-05 19:33:17,351 - node_registry - WARNING - Could not verify schema for node type 'zoom': UniversalRequestNode.__init__() missing 2 required positional arguments: 'config' and 'operations'
2025-10-05 21:33:17.353 | 2025-10-05 19:33:17,352 - node_registry - INFO - Registered node type: zoom -> ZoomNode
2025-10-05 21:33:17.353 | 2025-10-05 19:33:17,353 - ZoomNode - ERROR - Error registering ZoomNode with registry: name 'self' is not defined
2025-10-05 21:33:17.381 | 2025-10-05 19:33:17,380 - node_registry - INFO - Registered node type: vault -> VaultNode
2025-10-05 21:33:17.381 | 2025-10-05 19:33:17,381 - VaultNode - ERROR - Error registering VaultNode with registry: name 'self' is not defined
2025-10-05 21:33:17.425 | 2025-10-05 19:33:17,425 - node_registry - INFO - Registered node type: google_analytics -> GoogleAnalyticsNode
2025-10-05 21:33:17.426 | 2025-10-05 19:33:17,425 - GoogleAnalyticsNode - ERROR - Error registering GoogleAnalyticsNode with registry: name 'self' is not defined
2025-10-05 21:33:17.486 | 2025-10-05 19:33:17,486 - universal_request_node - INFO - UniversalRequestNode initialized for 
2025-10-05 21:33:17.502 | 2025-10-05 19:33:17,502 - universal_request_node - INFO - UniversalRequestNode initialized for asana
2025-10-05 21:33:17.506 | Error loading module PyNode.py: attempted relative import with no known parent package
2025-10-05 21:33:17.523 | 2025-10-05 19:33:17,523 - node_registry - WARNING - Could not verify schema for node type 'monday': 1 validation error for NodeParameter
2025-10-05 21:33:17.523 | name
2025-10-05 21:33:17.523 |   Field required [type=missing, input_value={'type': <NodeParameterTy...M', 'UPDATE_WORKSPACE']}, input_type=dict]
2025-10-05 21:33:17.523 |     For further information visit https://errors.pydantic.dev/2.11/v/missing
2025-10-05 21:33:17.523 | 2025-10-05 19:33:17,523 - node_registry - INFO - Registered node type: monday -> MondayNode
2025-10-05 21:33:17.523 | 2025-10-05 19:33:17,523 - MondayNode - ERROR - Error registering MondayNode with registry: name 'self' is not defined
2025-10-05 21:33:17.527 | Error loading module PromptTemplatingNode.py: No module named 'act_workflow.act.node_schema'
2025-10-05 21:33:17.529 | Error loading module ConversationMemoryNode.py: attempted relative import with no known parent package
2025-10-05 21:33:17.532 | Error loading module VectorDatabaseNode.py: attempted relative import with no known parent package
2025-10-05 21:33:17.549 | 2025-10-05 19:33:17,548 - node_registry - INFO - Registered node type: qrcode -> QRCodeNode
2025-10-05 21:33:17.550 | 2025-10-05 19:33:17,549 - QRCodeNode - ERROR - Error registering QRCodeNode with registry: name 'self' is not defined
2025-10-05 21:33:17.566 | 2025-10-05 19:33:17,566 - node_registry - WARNING - Could not verify schema for node type 'list': name 'NodeResource' is not defined
2025-10-05 21:33:17.567 | 2025-10-05 19:33:17,566 - node_registry - INFO - Registered node type: list -> ListNode
2025-10-05 21:33:17.567 | 2025-10-05 19:33:17,566 - ListNode - ERROR - Error registering ListNode with registry: name 'self' is not defined
2025-10-05 21:33:17.607 | Error loading module EmbeddingSimilarityNode.py: attempted relative import with no known parent package
2025-10-05 21:33:17.609 | 2025-10-05 19:33:17,609 - universal_request_node - INFO - UniversalRequestNode initialized for auth0
2025-10-05 21:33:17.609 | 2025-10-05 19:33:17,609 - Auth0Node - INFO - Enhanced Auth0Node initialized with 39 operations and all 13 enhancements
2025-10-05 21:33:17.610 | 2025-10-05 19:33:17,609 - node_registry - INFO - Registered node type: auth0 -> Auth0Node
2025-10-05 21:33:17.610 | 2025-10-05 19:33:17,610 - Auth0Node - ERROR - Error registering Auth0Node with registry: name 'self' is not defined
2025-10-05 21:33:17.611 | 2025-10-05 19:33:17,610 - universal_request_node - INFO - UniversalRequestNode initialized for auth0
2025-10-05 21:33:17.611 | 2025-10-05 19:33:17,610 - Auth0Node - INFO - Enhanced Auth0Node initialized with 39 operations and all 13 enhancements
2025-10-05 21:33:17.628 | 2025-10-05 19:33:17,628 - node_registry - INFO - Registered node type: aggregate -> AggregateNode
2025-10-05 21:33:17.661 | 2025-10-05 19:33:17,661 - node_registry - INFO - Registered node type: Dataformatter -> DataformatterNode
2025-10-05 21:33:17.663 | 2025-10-05 19:33:17,662 - DataformatterNode - ERROR - Error registering DataformatterNode with registry: name 'self' is not defined
2025-10-05 21:33:17.715 | 2025-10-05 19:33:17,711 - node_registry - INFO - Registered node type: dynamodb -> DynamoDBNode
2025-10-05 21:33:17.715 | 2025-10-05 19:33:17,712 - DynamodbNode - ERROR - Error registering DynamoDBNode with registry: name 'self' is not defined
2025-10-05 21:33:17.728 | Error loading module CloudflareNode.py: name 'true' is not defined
2025-10-05 21:33:17.731 | 2025-10-05 19:33:17,731 - node_registry - WARNING - Could not verify schema for node type 'filter': name 'NodeResource' is not defined
2025-10-05 21:33:17.731 | 2025-10-05 19:33:17,731 - node_registry - INFO - Registered node type: filter -> FilterNode
2025-10-05 21:33:17.731 | 2025-10-05 19:33:17,731 - FilterNode - ERROR - Error registering FilterNode with registry: name 'self' is not defined
2025-10-05 21:33:17.755 | Error loading module AirtableNode.py: name 'false' is not defined
2025-10-05 21:33:17.772 | 2025-10-05 19:33:17,771 - node_registry - WARNING - Could not verify schema for node type 'shopify': UniversalRequestNode.__init__() missing 2 required positional arguments: 'config' and 'operations'
2025-10-05 21:33:17.773 | 2025-10-05 19:33:17,772 - node_registry - INFO - Registered node type: shopify -> ShopifyNode
2025-10-05 21:33:17.773 | 2025-10-05 19:33:17,773 - ShopifyNode - ERROR - Error registering ShopifyNode with registry: name 'self' is not defined
2025-10-05 21:33:17.846 | 2025-10-05 19:33:17,845 - node_registry - INFO - Registered node type: okta -> OktaNode
2025-10-05 21:33:17.851 | 2025-10-05 19:33:17,847 - OktaNode - ERROR - Error registering OktaNode with registry: name 'self' is not defined
2025-10-05 21:33:17.959 | 2025-10-05 19:33:17,959 - node_registry - INFO - Registered node type: googlecloud -> GoogleCloudNode
2025-10-05 21:33:17.960 | 2025-10-05 19:33:17,960 - GoogleCloudNode - ERROR - Error registering GoogleCloudNode with registry: name 'self' is not defined
2025-10-05 21:33:17.991 | 2025-10-05 19:33:17,991 - node_registry - INFO - Registered node type: onelogin -> OneLoginNode
2025-10-05 21:33:17.992 | 2025-10-05 19:33:17,992 - OneLoginNode - ERROR - Error registering OneLoginNode with registry: name 'self' is not defined
2025-10-05 21:33:18.008 | Error loading module TwilioNode.py: name 'TwilioClient' is not defined
2025-10-05 21:33:18.010 | Error loading module TokenCountingNode.py: No module named 'act_workflow.act.node_schema'
2025-10-05 21:33:18.041 | 2025-10-05 19:33:18,038 - node_registry - INFO - Registered node type: slack -> SlackNode
2025-10-05 21:33:18.041 | 2025-10-05 19:33:18,038 - SlackNode - ERROR - Error registering SlackNode with registry: name 'self' is not defined
2025-10-05 21:33:18.088 | Error loading module AwsNode.py: No module named 'act_workflow.act.node_schema'
2025-10-05 21:33:18.109 | 2025-10-05 19:33:18,108 - node_registry - WARNING - Could not verify schema for node type 'start': name 'NodeResource' is not defined
2025-10-05 21:33:18.109 | 2025-10-05 19:33:18,109 - node_registry - INFO - Registered node type: start -> StartNode
2025-10-05 21:33:18.109 | 2025-10-05 19:33:18,109 - StartNode - ERROR - Error registering StartNode with registry: name 'self' is not defined
2025-10-05 21:33:18.166 | Error loading module RAGNode.py: attempted relative import with no known parent package
2025-10-05 21:33:18.246 | 2025-10-05 19:33:18,246 - node_registry - INFO - Registered node type: huggingface -> HuggingFaceNode
2025-10-05 21:33:18.247 | 2025-10-05 19:33:18,247 - HuggingFaceNode - ERROR - Error registering HuggingFaceNode with registry: name 'self' is not defined
2025-10-05 21:33:18.331 | 2025-10-05 19:33:18,331 - base_node - WARNING - Node class schema type 'LogMessage' doesn't match registered type 'log_message'
2025-10-05 21:33:18.362 | 2025-10-05 19:33:18,361 - universal_request_node - INFO - UniversalRequestNode initialized for apollo
2025-10-05 21:33:18.376 | 2025-10-05 19:33:18,376 - ApolloNode - INFO - Enhanced ApolloNode initialized with all 13 advanced features
2025-10-05 21:33:18.416 | 2025-10-05 19:33:18,416 - universal_request_node - INFO - UniversalRequestNode initialized for affinity
2025-10-05 21:33:18.431 | 2025-10-05 19:33:18,430 - AffinityNode - INFO - AffinityNode FULLY RESTORED with all 40 operations + enhanced features
2025-10-05 21:33:18.448 | 2025-10-05 19:33:18,448 - node_registry - INFO - Registered node type: azure -> AzureNode
2025-10-05 21:33:18.449 | 2025-10-05 19:33:18,449 - AzureNode - ERROR - Error registering AzureNode with registry: name 'self' is not defined
2025-10-05 21:33:18.480 | 2025-10-05 19:33:18,479 - node_registry - INFO - Registered node type: kubernetes -> KubernetesNode
2025-10-05 21:33:18.481 | 2025-10-05 19:33:18,480 - KubernetesNode - ERROR - Error registering KubernetesNode with registry: name 'self' is not defined
2025-10-05 21:33:18.512 | Error loading module FunctionCallingNode.py: attempted relative import with no known parent package
2025-10-05 21:33:18.559 | 2025-10-05 19:33:18,559 - node_registry - INFO - Registered node type: cyberark -> CyberArkNode
2025-10-05 21:33:18.560 | 2025-10-05 19:33:18,560 - CyberArkNode - ERROR - Error registering CyberArkNode with registry: name 'self' is not defined
2025-10-05 21:33:18.580 | 2025-10-05 19:33:18,580 - universal_request_node - INFO - UniversalRequestNode initialized for actionnetwork
2025-10-05 21:33:18.597 | 2025-10-05 19:33:18,597 - ActionNetworkNode - INFO - RECOVERED - ActionNetworkNode initialized with all 20 original operations and 13 advanced features
2025-10-05 21:33:18.603 | Error loading module ContentModerationNode.py: attempted relative import with no known parent package
2025-10-05 21:33:18.622 | 2025-10-05 19:33:18,621 - act.nodes.universal_request_node - INFO - UniversalRequestNode initialized for github
2025-10-05 21:33:18.637 | 2025-10-05 19:33:18,637 - act.nodes.universal_request_node - INFO - UniversalRequestNode initialized for github
2025-10-05 21:33:18.714 | 2025-10-05 19:33:18,714 - node_registry - INFO - Registered node type: request -> RequestNode
2025-10-05 21:33:18.714 | 2025-10-05 19:33:18,714 - RequestNode - ERROR - Error registering RequestNode with registry: name 'self' is not defined
2025-10-05 21:33:18.756 | 2025-10-05 19:33:18,755 - node_registry - INFO - Registered node type: terraform -> TerraformNode
2025-10-05 21:33:18.757 | 2025-10-05 19:33:18,756 - TerraformNode - ERROR - Error registering TerraformNode with registry: name 'self' is not defined
2025-10-05 21:33:18.803 | 2025-10-05 19:33:18,803 - node_registry - INFO - Registered node type: docker -> DockerNode
2025-10-05 21:33:18.804 | 2025-10-05 19:33:18,803 - DockerNode - ERROR - Error registering DockerNode with registry: name 'self' is not defined
2025-10-05 21:33:18.838 | 2025-10-05 19:33:18,838 - node_registry - INFO - Registered node type: jenkins -> JenkinsNode
2025-10-05 21:33:18.839 | 2025-10-05 19:33:18,839 - JenkinsNode - ERROR - Error registering JenkinsNode with registry: name 'self' is not defined
2025-10-05 21:33:18.858 | Error loading module ResponseParsingNode.py: attempted relative import with no known parent package
2025-10-05 21:33:18.860 | 2025-10-05 19:33:18,860 - universal_request_node - INFO - UniversalRequestNode initialized for adalo
2025-10-05 21:33:18.875 | 2025-10-05 19:33:18,875 - AdaloNode - INFO - Enhanced AdaloNode initialized with ALL 17 operations and all 13 advanced features
2025-10-05 21:33:19.027 | 2025-10-05 19:33:19,027 - node_registry - INFO - Registered node type: neo4j -> Neo4jNode
2025-10-05 21:33:19.028 | 2025-10-05 19:33:19,028 - Neo4jNode - ERROR - Error registering Neo4jNode with registry: name 'self' is not defined
2025-10-05 21:33:19.057 | 2025-10-05 19:33:19,056 - node_registry - WARNING - Could not verify schema for node type 'onedrive': UniversalRequestNode.__init__() missing 2 required positional arguments: 'config' and 'operations'
2025-10-05 21:33:19.058 | 2025-10-05 19:33:19,057 - node_registry - INFO - Registered node type: onedrive -> OneDriveNode
2025-10-05 21:33:19.058 | 2025-10-05 19:33:19,057 - OneDriveNode - ERROR - Error registering OneDriveNode with registry: name 'self' is not defined
2025-10-05 21:33:19.089 | 2025-10-05 19:33:19,089 - node_registry - INFO - Registered node type: pinecone -> PineconeNode
2025-10-05 21:33:19.090 | 2025-10-05 19:33:19,089 - PineconeNode - ERROR - Error registering PineconeNode with registry: name 'self' is not defined
2025-10-05 21:33:19.133 | 2025-10-05 19:33:19,133 - NeonNode - CRITICAL - NeonNode schema: operation enum values: ['execute_query', 'execute_transaction', 'create_table', 'insert_data', 'select_data', 'update_data', 'delete_data', 'upsert_data', 'bulk_insert', 'create_index', 'drop_index', 'create_schema', 'drop_schema', 'analyze_table', 'vacuum_table', 'get_table_info', 'get_database_info', 'get_schema_info', 'backup_table', 'restore_table']
2025-10-05 21:33:19.152 | 2025-10-05 19:33:19,152 - NeonNode - CRITICAL - NeonNode schema: operation enum values: ['execute_query', 'execute_transaction', 'create_table', 'insert_data', 'select_data', 'update_data', 'delete_data', 'upsert_data', 'bulk_insert', 'create_index', 'drop_index', 'create_schema', 'drop_schema', 'analyze_table', 'vacuum_table', 'get_table_info', 'get_database_info', 'get_schema_info', 'backup_table', 'restore_table']
2025-10-05 21:33:19.155 | 2025-10-05 19:33:19,154 - NeonNode - CRITICAL - NeonNode schema: operation enum values: ['execute_query', 'execute_transaction', 'create_table', 'insert_data', 'select_data', 'update_data', 'delete_data', 'upsert_data', 'bulk_insert', 'create_index', 'drop_index', 'create_schema', 'drop_schema', 'analyze_table', 'vacuum_table', 'get_table_info', 'get_database_info', 'get_schema_info', 'backup_table', 'restore_table']
2025-10-05 21:33:19.223 | 2025-10-05 19:33:19,222 - node_registry - WARNING - Could not verify schema for node type 'googleads': 1 validation error for NodeParameter
2025-10-05 21:33:19.223 | name
2025-10-05 21:33:19.223 |   Field required [type=missing, input_value={'type': <NodeParameterTy..., 'UPLOAD_IMAGE_ASSET']}, input_type=dict]
2025-10-05 21:33:19.223 |     For further information visit https://errors.pydantic.dev/2.11/v/missing
2025-10-05 21:33:19.223 | 2025-10-05 19:33:19,222 - node_registry - INFO - Registered node type: googleads -> GoogleAdsNode
2025-10-05 21:33:19.223 | 2025-10-05 19:33:19,222 - GoogleAdsNode - ERROR - Error registering GoogleAdsNode with registry: name 'self' is not defined
2025-10-05 21:33:19.234 | 2025-10-05 19:33:19,233 - PointCloudNode - WARNING - Open3D not available - primary point cloud library missing
2025-10-05 21:33:19.254 | 2025-10-05 19:33:19,254 - root - INFO - Loaded 59 node types
2025-10-05 21:33:19.268 | 2025-10-05 19:33:19,266 - act.execution_manager - ERROR - ImportError processing node file ContentModerationNode: attempted relative import with no known parent package
2025-10-05 21:33:19.306 | 2025-10-05 19:33:19,305 - node_registry - INFO - Registered node type: terraform -> TerraformNode
2025-10-05 21:33:19.306 | 2025-10-05 19:33:19,306 - act.nodes.TerraformNode - ERROR - Error registering TerraformNode with registry: name 'self' is not defined
2025-10-05 21:33:19.322 | 2025-10-05 19:33:19,322 - node_registry - INFO - Registered node type: docker -> DockerNode
2025-10-05 21:33:19.323 | 2025-10-05 19:33:19,322 - act.nodes.DockerNode - ERROR - Error registering DockerNode with registry: name 'self' is not defined
2025-10-05 21:33:19.341 | 2025-10-05 19:33:19,341 - node_registry - INFO - Registered node type: jenkins -> JenkinsNode
2025-10-05 21:33:19.342 | 2025-10-05 19:33:19,341 - act.nodes.JenkinsNode - ERROR - Error registering JenkinsNode with registry: name 'self' is not defined
2025-10-05 21:33:19.347 | 2025-10-05 19:33:19,346 - act.execution_manager - ERROR - ImportError processing node file ResponseParsingNode: attempted relative import with no known parent package
2025-10-05 21:33:19.367 | 2025-10-05 19:33:19,367 - node_registry - INFO - Registered node type: neo4j -> Neo4jNode
2025-10-05 21:33:19.369 | 2025-10-05 19:33:19,368 - act.nodes.Neo4jNode - ERROR - Error registering Neo4jNode with registry: name 'self' is not defined
2025-10-05 21:33:19.390 | 2025-10-05 19:33:19,390 - node_registry - WARNING - Could not verify schema for node type 'onedrive': UniversalRequestNode.__init__() missing 2 required positional arguments: 'config' and 'operations'
2025-10-05 21:33:19.391 | 2025-10-05 19:33:19,391 - node_registry - INFO - Registered node type: onedrive -> OneDriveNode
2025-10-05 21:33:19.391 | 2025-10-05 19:33:19,391 - act.nodes.OneDriveNode - ERROR - Error registering OneDriveNode with registry: name 'self' is not defined
2025-10-05 21:33:19.411 | 2025-10-05 19:33:19,411 - node_registry - INFO - Registered node type: pinecone -> PineconeNode
2025-10-05 21:33:19.412 | 2025-10-05 19:33:19,412 - act.nodes.PineconeNode - ERROR - Error registering PineconeNode with registry: name 'self' is not defined
2025-10-05 21:33:19.417 | 2025-10-05 19:33:19,417 - act.nodes.NeonNode - CRITICAL - NeonNode schema: operation enum values: ['execute_query', 'execute_transaction', 'create_table', 'insert_data', 'select_data', 'update_data', 'delete_data', 'upsert_data', 'bulk_insert', 'create_index', 'drop_index', 'create_schema', 'drop_schema', 'analyze_table', 'vacuum_table', 'get_table_info', 'get_database_info', 'get_schema_info', 'backup_table', 'restore_table']
2025-10-05 21:33:19.431 | 2025-10-05 19:33:19,431 - act.nodes.NeonNode - CRITICAL - NeonNode schema: operation enum values: ['execute_query', 'execute_transaction', 'create_table', 'insert_data', 'select_data', 'update_data', 'delete_data', 'upsert_data', 'bulk_insert', 'create_index', 'drop_index', 'create_schema', 'drop_schema', 'analyze_table', 'vacuum_table', 'get_table_info', 'get_database_info', 'get_schema_info', 'backup_table', 'restore_table']
2025-10-05 21:33:19.434 | 2025-10-05 19:33:19,434 - node_registry - WARNING - Could not verify schema for node type 'googleads': 1 validation error for NodeParameter
2025-10-05 21:33:19.434 | name
2025-10-05 21:33:19.434 |   Field required [type=missing, input_value={'type': <NodeParameterTy..., 'UPLOAD_IMAGE_ASSET']}, input_type=dict]
2025-10-05 21:33:19.434 |     For further information visit https://errors.pydantic.dev/2.11/v/missing
2025-10-05 21:33:19.434 | 2025-10-05 19:33:19,434 - node_registry - INFO - Registered node type: googleads -> GoogleAdsNode
2025-10-05 21:33:19.434 | 2025-10-05 19:33:19,434 - act.nodes.GoogleAdsNode - ERROR - Error registering GoogleAdsNode with registry: name 'self' is not defined
2025-10-05 21:33:19.631 | 2025-10-05 19:33:19,631 - act.nodes.PointCloudNode - WARNING - Open3D not available - primary point cloud library missing
2025-10-05 21:33:19.663 | 2025-10-05 19:33:19,662 - act.nodes.NeonNode - CRITICAL - NeonNode schema: operation enum values: ['execute_query', 'execute_transaction', 'create_table', 'insert_data', 'select_data', 'update_data', 'delete_data', 'upsert_data', 'bulk_insert', 'create_index', 'drop_index', 'create_schema', 'drop_schema', 'analyze_table', 'vacuum_table', 'get_table_info', 'get_database_info', 'get_schema_info', 'backup_table', 'restore_table']
2025-10-05 21:33:19.692 | 
2025-10-05 21:33:19.692 | --- Node Executor Loading Status ---
2025-10-05 21:33:19.692 | --------------------+----------------+-------------------------------------------------------------------------
2025-10-05 21:33:19.692 | | Required Node Type | Loading Status | Details                                                                 |
2025-10-05 21:33:19.692 | --------------------+----------------+-------------------------------------------------------------------------
2025-10-05 21:33:19.692 | | aci                | ‚úì SUCCESS      | Found exact match: class ACINode -> Instantiated successfully.          |
2025-10-05 21:33:19.692 | | generate_uuid      | ‚úì SUCCESS      | Found exact match: class GenerateUUIDNode -> Instantiated successfully. |
2025-10-05 21:33:19.692 | | log_message        | ‚úì SUCCESS      | Found exact match: class LogMessageNode -> Instantiated successfully.   |
2025-10-05 21:33:19.692 | | neon               | ‚úì SUCCESS      | Found exact match: class NeonNode -> Instantiated successfully.         |
2025-10-05 21:33:19.692 | --------------------+----------------+-------------------------------------------------------------------------
2025-10-05 21:33:19.692 | ------------------------------------
2025-10-05 21:33:19.692 | 
2025-10-05 21:33:19.692 | 
2025-10-05 21:33:19.692 | ü§ñ Agent Mode Detected - Starting Agent Server
2025-10-05 21:33:19.692 | üìã Agent Name: CompleteRestaurantBackend
2025-10-05 21:33:19.692 | üåê Host: 0.0.0.0
2025-10-05 21:33:19.692 | üöÄ Port: 6543
2025-10-05 21:33:19.692 | 
2025-10-05 21:33:19.692 | üåê Agent Server URLs:
2025-10-05 21:33:19.692 |    üìä Dashboard:     http://0.0.0.0:6543/admin/dashboard
2025-10-05 21:33:19.692 |    üîç API Status:    http://0.0.0.0:6543/api/status
2025-10-05 21:33:19.692 |    üöÄ ACI Routes:    http://0.0.0.0:6543/aci
2025-10-05 21:33:19.692 |    üíö Health Check:  http://0.0.0.0:6543/health
2025-10-05 21:33:19.692 | 
2025-10-05 21:33:19.692 | üß™ Test your ACI routes:
2025-10-05 21:33:19.692 |    curl http://0.0.0.0:6543/aci/users
2025-10-05 21:33:19.692 |    curl -X POST http://0.0.0.0:6543/aci/users -H "Content-Type: application/json" -d '{"name":"John","email":"john@example.com"}'
2025-10-05 21:33:19.692 |    curl -X POST http://0.0.0.0:6543/aci/users/get -H "Content-Type: application/json" -d '{"user_id":"123"}'
2025-10-05 21:33:19.692 | 
2025-10-05 21:33:19.692 | üõë Stop the agent: Press Ctrl+C
2025-10-05 21:33:19.693 | 2025-10-05 19:33:19,692 - act.agent_server - INFO - AgentServer: Initializing resolved parameters...
2025-10-05 21:33:19.693 | 2025-10-05 19:33:19,692 - act.agent_server - WARNING - AgentServer: Attempting fallback for parameter resolution. This only handles ${ENV_VAR} directly.
2025-10-05 21:33:19.693 | 2025-10-05 19:33:19,692 - act.agent_server - INFO - AgentServer: Fallback parameter resolution complete. Resolved: ['connection_string']
2025-10-05 21:33:19.693 | 2025-10-05 19:33:19,692 - act.agent_server - INFO - AgentServer: Final initialized global parameters: {
2025-10-05 21:33:19.693 |   "connection_string": "postgresql://neondb_owner:npg_aWbKzVAUTh92@ep-blue-resonance-a8r3rq32-pooler.eastus2.azure.neon.tech/neondb?sslmode=require"
2025-10-05 21:33:19.693 | }
2025-10-05 21:33:19.693 | 2025-10-05 19:33:19,693 - act.agent_server - INFO - üìã Discovered 89 total nodes from Actfile.
2025-10-05 21:33:19.694 | 2025-10-05 19:33:19,693 - act.agent_server - INFO - üîó Discovered 53 edge definitions.
2025-10-05 21:33:19.694 | 2025-10-05 19:33:19,694 - act.agent_server - INFO - üîé ACI route discovery complete. Found 36 route definitions.
2025-10-05 21:33:19.694 | 2025-10-05 19:33:19,694 - act.agent_server - INFO - üîç Discovery complete: 89 nodes, 36 ACI routes, 53 edges.
2025-10-05 21:33:19.698 | 2025-10-05 19:33:19,698 - act.agent_server - INFO - üîß Attempting to register 36 ACI-defined Flask routes...
2025-10-05 21:33:19.712 | 2025-10-05 19:33:19,712 - act.agent_server - INFO - ‚úÖ Successfully registered 36 Flask routes from ACI definitions
2025-10-05 21:33:19.712 | 2025-10-05 19:33:19,712 - act.agent_server - INFO - Flask app created and all routes (standard and dynamic ACI) registered.
2025-10-05 21:33:19.712 | 2025-10-05 19:33:19,712 - act.agent_server - INFO - ü§ñ Starting CompleteRestaurantBackend v2.0.0...
2025-10-05 21:33:19.713 | 2025-10-05 19:33:19,712 - act.agent_server - INFO - üåç Flask server will listen on http://0.0.0.0:6543
2025-10-05 21:33:19.713 | 2025-10-05 19:33:19,712 - act.agent_server - INFO - üõ†Ô∏è Debug mode: ON
2025-10-05 21:33:19.714 | 2025-10-05 19:33:19,713 - act.agent_server - INFO - üîó CORS enabled: Yes
2025-10-05 21:33:19.714 | 2025-10-05 19:33:19,713 - act.agent_server - INFO - üöÄ 36 dynamic API routes registered from Actfile ACI definitions.
2025-10-05 21:33:19.714 | 2025-10-05 19:33:19,713 - act.agent_server - INFO - üîó 53 workflow edge definitions loaded.
2025-10-05 21:33:19.714 | 2025-10-05 19:33:19,713 - act.agent_server - INFO - üìã 89 total nodes discovered in Actfile.
2025-10-05 21:33:19.714 | 2025-10-05 19:33:19,713 - act.agent_server - INFO - üìç Server ready at http://0.0.0.0:6543 | Dashboard: /admin/dashboard | Health: /health | API: /api/status
2025-10-05 21:33:19.726 |  * Serving Flask app 'act.agent_server'
2025-10-05 21:33:19.726 |  * Debug mode: on
2025-10-05 21:33:19.808 | 2025-10-05 19:33:19,807 - werkzeug - INFO - WARNING: This is a development server. Do not use it in a production deployment. Use a production WSGI server instead.
2025-10-05 21:33:19.808 |  * Running on all addresses (0.0.0.0)
2025-10-05 21:33:19.808 |  * Running on http://127.0.0.1:6543
2025-10-05 21:33:19.808 |  * Running on http://172.21.0.2:6543
2025-10-05 21:33:19.808 | 2025-10-05 19:33:19,807 - werkzeug - INFO - Press CTRL+C to quit
2025-10-05 21:33:19.808 | 2025-10-05 19:33:19,808 - werkzeug - INFO -  * Restarting with stat
2025-10-05 21:33:19.891 | Warning: colorama not found. Colors will not be used in output.
2025-10-05 21:33:19.891 | Warning: tabulate not found. Status tables will be basic.
2025-10-05 21:33:20.034 | 2025-10-05 19:33:20,034 - base_node - WARNING - Node class schema type 'LogMessage' doesn't match registered type 'log_message'
2025-10-05 21:33:20.125 | 2025-10-05 19:33:20,124 - node_registry - INFO - Registered node type: aggregate -> AggregateNode
2025-10-05 21:33:20.126 | 2025-10-05 19:33:20,126 - node_registry - WARNING - Could not verify schema for node type 'filter': name 'NodeResource' is not defined
2025-10-05 21:33:20.126 | 2025-10-05 19:33:20,126 - node_registry - INFO - Registered node type: filter -> FilterNode
2025-10-05 21:33:20.126 | 2025-10-05 19:33:20,126 - act.nodes.FilterNode - ERROR - Error registering FilterNode with registry: name 'self' is not defined
2025-10-05 21:33:20.127 | 2025-10-05 19:33:20,127 - node_registry - WARNING - Could not verify schema for node type 'list': name 'NodeResource' is not defined
2025-10-05 21:33:20.127 | 2025-10-05 19:33:20,127 - node_registry - INFO - Registered node type: list -> ListNode
2025-10-05 21:33:20.127 | 2025-10-05 19:33:20,127 - act.nodes.ListNode - ERROR - Error registering ListNode with registry: name 'self' is not defined
2025-10-05 21:33:20.128 | 2025-10-05 19:33:20,127 - node_registry - WARNING - Could not verify schema for node type 'start': name 'NodeResource' is not defined
2025-10-05 21:33:20.128 | 2025-10-05 19:33:20,127 - node_registry - INFO - Registered node type: start -> StartNode
2025-10-05 21:33:20.128 | 2025-10-05 19:33:20,128 - act.nodes.StartNode - ERROR - Error registering StartNode with registry: name 'self' is not defined
2025-10-05 21:33:20.134 | 2025-10-05 19:33:20,134 - act.nodes - ERROR - ‚ùå Could not import AirtableNode from AirtableNode: name 'false' is not defined
2025-10-05 21:33:20.134 | 2025-10-05 19:33:20,134 - act.nodes - ERROR - ‚ùå Could not import AnthropicNode from AnthropicNode: No module named 'act.nodes.AnthropicNode'
2025-10-05 21:33:20.137 | 2025-10-05 19:33:20,137 - universal_request_node - INFO - UniversalRequestNode initialized for auth0
2025-10-05 21:33:20.137 | 2025-10-05 19:33:20,137 - act.nodes.Auth0Node - INFO - Enhanced Auth0Node initialized with 39 operations and all 13 enhancements
2025-10-05 21:33:20.139 | 2025-10-05 19:33:20,137 - node_registry - INFO - Registered node type: auth0 -> Auth0Node
2025-10-05 21:33:20.139 | 2025-10-05 19:33:20,138 - act.nodes.Auth0Node - ERROR - Error registering Auth0Node with registry: name 'self' is not defined
2025-10-05 21:33:20.215 | 2025-10-05 19:33:20,214 - act.nodes - ERROR - ‚ùå Could not import AwsNode from AwsNode: No module named 'act_workflow.act.node_schema'
2025-10-05 21:33:20.224 | 2025-10-05 19:33:20,223 - act.nodes - ERROR - ‚ùå Could not import CodeNode from CodeNode: module 'act.nodes.CodeNode' has no attribute 'CodeNode'
2025-10-05 21:33:20.243 | 2025-10-05 19:33:20,243 - node_registry - INFO - Registered node type: Dataformatter -> DataformatterNode
2025-10-05 21:33:20.244 | 2025-10-05 19:33:20,243 - act.nodes.DataformatterNode - ERROR - Error registering DataformatterNode with registry: name 'self' is not defined
2025-10-05 21:33:20.360 | 2025-10-05 19:33:20,360 - act.nodes.universal_request_node - INFO - UniversalRequestNode initialized for github
2025-10-05 21:33:20.528 | 2025-10-05 19:33:20,528 - node_registry - INFO - Registered node type: request -> RequestNode
2025-10-05 21:33:20.529 | 2025-10-05 19:33:20,528 - act.nodes.RequestNode - ERROR - Error registering RequestNode with registry: name 'self' is not defined
2025-10-05 21:33:20.572 | 2025-10-05 19:33:20,571 - node_registry - INFO - Registered node type: slack -> SlackNode
2025-10-05 21:33:20.573 | 2025-10-05 19:33:20,572 - act.nodes.SlackNode - ERROR - Error registering SlackNode with registry: name 'self' is not defined
2025-10-05 21:33:20.992 | 2025-10-05 19:33:20,990 - node_registry - WARNING - Could not verify schema for node type 'zoom': UniversalRequestNode.__init__() missing 2 required positional arguments: 'config' and 'operations'
2025-10-05 21:33:20.992 | 2025-10-05 19:33:20,991 - node_registry - INFO - Registered node type: zoom -> ZoomNode
2025-10-05 21:33:20.992 | 2025-10-05 19:33:20,991 - act.nodes.ZoomNode - ERROR - Error registering ZoomNode with registry: name 'self' is not defined
2025-10-05 21:33:20.992 | 2025-10-05 19:33:20,991 - act.nodes - INFO - Successfully registered 42 node types: ['base', 'py', 'python', 'log_message', 'log', 'openai', 'if', 'gemini', 'data', 'set', 'switch', 'aggregate', 'filter', 'list', 'start', 'action_network', 'active_campaign', 'acuity_scheduling', 'asana', 'auth0', 'claude_node', 'clickup', 'command', 'dataformatter', 'datetime', 'discord', 'email', 'github', 'google_sheets', 'hubspot', 'jira', 'linear', 'mongodb', 'notion', 'postgresql', 'redis', 'request', 's3', 'salesforce', 'slack', 'stripe', 'zoom']
2025-10-05 21:33:21.048 | Attempting to run Actfile: /app/flow
2025-10-05 21:33:21.049 | 2025-10-05 19:33:21,049 - act.execution_manager - INFO - Initializing Advanced ExecutionManager with Actfile: /app/flow
2025-10-05 21:33:21.049 | 2025-10-05 19:33:21,049 - act.execution_manager - INFO - Loading workflow data from: /app/flow
2025-10-05 21:33:21.050 | 2025-10-05 19:33:21,050 - act.actfile_parser - INFO - Initialized Enhanced ActfileParser for path: /app/flow
2025-10-05 21:33:21.050 | 2025-10-05 19:33:21,050 - act.actfile_parser - INFO - Starting enhanced parsing of Actfile: /app/flow
2025-10-05 21:33:21.051 | 2025-10-05 19:33:21,051 - act.actfile_parser - INFO - Parsed 1 parameters.
2025-10-05 21:33:21.052 | 2025-10-05 19:33:21,052 - act.actfile_parser - INFO - Parsed 89 node definitions.
2025-10-05 21:33:21.052 | 2025-10-05 19:33:21,052 - act.actfile_parser - INFO - Parsed 88 edges from 53 source nodes.
2025-10-05 21:33:21.054 | 2025-10-05 19:33:21,054 - act.actfile_parser - INFO - Enhanced Actfile parsing completed successfully.
2025-10-05 21:33:21.054 | 2025-10-05 19:33:21,054 - act.execution_manager - INFO - Actfile parsed successfully.
2025-10-05 21:33:21.054 | 2025-10-05 19:33:21,054 - act.execution_manager - INFO - Validating workflow DAG structure...
2025-10-05 21:33:21.054 | 2025-10-05 19:33:21,054 - act.execution_manager - INFO - Workflow DAG validation passed - no circular dependencies detected
2025-10-05 21:33:21.055 | 2025-10-05 19:33:21,054 - act.execution_manager - WARNING - Orphaned nodes detected (unreachable from start): {'GenerateOrderNumber'}
2025-10-05 21:33:21.056 | 2025-10-05 19:33:21,055 - act.execution_manager - INFO - Loading node executors for the current workflow...
2025-10-05 21:33:21.056 | 2025-10-05 19:33:21,055 - act.execution_manager - INFO - Workflow requires node types: aci, generate_uuid, log_message, neon
2025-10-05 21:33:21.057 | 2025-10-05 19:33:21,056 - act.execution_manager - INFO - Scanning nodes directory: /app/act/nodes
2025-10-05 21:33:21.065 | 2025-10-05 19:33:21,065 - node_registry - WARNING - Could not verify schema for node type 'wise': 1 validation error for NodeParameter
2025-10-05 21:33:21.065 | name
2025-10-05 21:33:21.065 |   Field required [type=missing, input_value={'type': <NodeParameterTy...OOK', 'VERIFY_ACCOUNT']}, input_type=dict]
2025-10-05 21:33:21.065 |     For further information visit https://errors.pydantic.dev/2.11/v/missing
2025-10-05 21:33:21.065 | 2025-10-05 19:33:21,065 - node_registry - INFO - Registered node type: wise -> WiseNode
2025-10-05 21:33:21.065 | 2025-10-05 19:33:21,065 - act.nodes.WiseNode - ERROR - Error registering WiseNode with registry: name 'self' is not defined
2025-10-05 21:33:21.096 | 2025-10-05 19:33:21,095 - node_registry - INFO - Registered node type: vault -> VaultNode
2025-10-05 21:33:21.097 | 2025-10-05 19:33:21,096 - act.nodes.VaultNode - ERROR - Error registering VaultNode with registry: name 'self' is not defined
2025-10-05 21:33:21.112 | 2025-10-05 19:33:21,112 - node_registry - INFO - Registered node type: google_analytics -> GoogleAnalyticsNode
2025-10-05 21:33:21.114 | 2025-10-05 19:33:21,113 - act.nodes.GoogleAnalyticsNode - ERROR - Error registering GoogleAnalyticsNode with registry: name 'self' is not defined
2025-10-05 21:33:21.122 | 2025-10-05 19:33:21,121 - node_registry - WARNING - Could not verify schema for node type 'monday': 1 validation error for NodeParameter
2025-10-05 21:33:21.122 | name
2025-10-05 21:33:21.122 |   Field required [type=missing, input_value={'type': <NodeParameterTy...M', 'UPDATE_WORKSPACE']}, input_type=dict]
2025-10-05 21:33:21.122 |     For further information visit https://errors.pydantic.dev/2.11/v/missing
2025-10-05 21:33:21.122 | 2025-10-05 19:33:21,121 - node_registry - INFO - Registered node type: monday -> MondayNode
2025-10-05 21:33:21.122 | 2025-10-05 19:33:21,121 - act.nodes.MondayNode - ERROR - Error registering MondayNode with registry: name 'self' is not defined
2025-10-05 21:33:21.125 | 2025-10-05 19:33:21,124 - act.execution_manager - ERROR - ImportError processing node file PromptTemplatingNode: No module named 'act_workflow.act.node_schema'
2025-10-05 21:33:21.128 | 2025-10-05 19:33:21,128 - act.execution_manager - ERROR - ImportError processing node file ConversationMemoryNode: attempted relative import with no known parent package
2025-10-05 21:33:21.225 | 2025-10-05 19:33:21,225 - act.execution_manager - ERROR - ImportError processing node file VectorDatabaseNode: attempted relative import with no known parent package
2025-10-05 21:33:21.246 | 2025-10-05 19:33:21,246 - node_registry - INFO - Registered node type: qrcode -> QRCodeNode
2025-10-05 21:33:21.247 | 2025-10-05 19:33:21,247 - act.nodes.QRCodeNode - ERROR - Error registering QRCodeNode with registry: name 'self' is not defined
2025-10-05 21:33:21.365 | 2025-10-05 19:33:21,364 - act.nodes.python_node - INFO - Registered node type: python
2025-10-05 21:33:21.367 | 2025-10-05 19:33:21,367 - act.execution_manager - ERROR - ImportError processing node file EmbeddingSimilarityNode: attempted relative import with no known parent package
2025-10-05 21:33:21.384 | 2025-10-05 19:33:21,384 - node_registry - INFO - Registered node type: dynamodb -> DynamoDBNode
2025-10-05 21:33:21.386 | 2025-10-05 19:33:21,384 - act.nodes.DynamodbNode - ERROR - Error registering DynamoDBNode with registry: name 'self' is not defined
2025-10-05 21:33:21.402 | 2025-10-05 19:33:21,401 - node_registry - INFO - Registered node type: trello -> TrelloNode
2025-10-05 21:33:21.403 | 2025-10-05 19:33:21,402 - act.nodes.TrelloNode_old - INFO - Successfully registered TrelloNode with registry
2025-10-05 21:33:21.408 | 2025-10-05 19:33:21,406 - act.execution_manager - ERROR - Error processing node file CloudflareNode (/app/act/nodes/CloudflareNode.py): name 'true' is not defined
2025-10-05 21:33:21.408 | Traceback (most recent call last):
2025-10-05 21:33:21.408 |   File "/app/act/execution_manager.py", line 590, in discover_node_classes
2025-10-05 21:33:21.408 |     module = importlib.import_module(full_module_name)
2025-10-05 21:33:21.408 |              ^^^^^^^^^^^^^^^^^^^^^^^^^^^^^^^^^^^^^^^^^
2025-10-05 21:33:21.408 |   File "/usr/local/lib/python3.11/importlib/__init__.py", line 126, in import_module
2025-10-05 21:33:21.408 |     return _bootstrap._gcd_import(name[level:], package, level)
2025-10-05 21:33:21.408 |            ^^^^^^^^^^^^^^^^^^^^^^^^^^^^^^^^^^^^^^^^^^^^^^^^^^^^
2025-10-05 21:33:21.409 |   File "<frozen importlib._bootstrap>", line 1204, in _gcd_import
2025-10-05 21:33:21.409 |   File "<frozen importlib._bootstrap>", line 1176, in _find_and_load
2025-10-05 21:33:21.409 |   File "<frozen importlib._bootstrap>", line 1147, in _find_and_load_unlocked
2025-10-05 21:33:21.409 |   File "<frozen importlib._bootstrap>", line 690, in _load_unlocked
2025-10-05 21:33:21.409 |   File "<frozen importlib._bootstrap_external>", line 940, in exec_module
2025-10-05 21:33:21.409 |   File "<frozen importlib._bootstrap>", line 241, in _call_with_frames_removed
2025-10-05 21:33:21.409 |   File "/app/act/nodes/CloudflareNode.py", line 30, in <module>
2025-10-05 21:33:21.409 |     class CloudflareNode(BaseNode):
2025-10-05 21:33:21.409 |   File "/app/act/nodes/CloudflareNode.py", line 448, in CloudflareNode
2025-10-05 21:33:21.409 |     "required": true
2025-10-05 21:33:21.409 |                 ^^^^
2025-10-05 21:33:21.409 | NameError: name 'true' is not defined
2025-10-05 21:33:21.416 | 2025-10-05 19:33:21,414 - act.execution_manager - ERROR - Error processing node file AirtableNode (/app/act/nodes/AirtableNode.py): name 'false' is not defined
2025-10-05 21:33:21.416 | Traceback (most recent call last):
2025-10-05 21:33:21.416 |   File "/app/act/execution_manager.py", line 590, in discover_node_classes
2025-10-05 21:33:21.416 |     module = importlib.import_module(full_module_name)
2025-10-05 21:33:21.416 |              ^^^^^^^^^^^^^^^^^^^^^^^^^^^^^^^^^^^^^^^^^
2025-10-05 21:33:21.416 |   File "/usr/local/lib/python3.11/importlib/__init__.py", line 126, in import_module
2025-10-05 21:33:21.416 |     return _bootstrap._gcd_import(name[level:], package, level)
2025-10-05 21:33:21.416 |            ^^^^^^^^^^^^^^^^^^^^^^^^^^^^^^^^^^^^^^^^^^^^^^^^^^^^
2025-10-05 21:33:21.416 |   File "<frozen importlib._bootstrap>", line 1204, in _gcd_import
2025-10-05 21:33:21.416 |   File "<frozen importlib._bootstrap>", line 1176, in _find_and_load
2025-10-05 21:33:21.416 |   File "<frozen importlib._bootstrap>", line 1147, in _find_and_load_unlocked
2025-10-05 21:33:21.416 |   File "<frozen importlib._bootstrap>", line 690, in _load_unlocked
2025-10-05 21:33:21.416 |   File "<frozen importlib._bootstrap_external>", line 940, in exec_module
2025-10-05 21:33:21.416 |   File "<frozen importlib._bootstrap>", line 241, in _call_with_frames_removed
2025-10-05 21:33:21.416 |   File "/app/act/nodes/AirtableNode.py", line 30, in <module>
2025-10-05 21:33:21.416 |     class AirtableNode(BaseNode):
2025-10-05 21:33:21.416 |   File "/app/act/nodes/AirtableNode.py", line 2710, in AirtableNode
2025-10-05 21:33:21.416 |     "isHookEnabled": false
2025-10-05 21:33:21.416 |                      ^^^^^
2025-10-05 21:33:21.416 | NameError: name 'false' is not defined
2025-10-05 21:33:21.511 | 2025-10-05 19:33:21,510 - node_registry - WARNING - Could not verify schema for node type 'shopify': UniversalRequestNode.__init__() missing 2 required positional arguments: 'config' and 'operations'
2025-10-05 21:33:21.518 | 2025-10-05 19:33:21,516 - node_registry - INFO - Registered node type: shopify -> ShopifyNode
2025-10-05 21:33:21.519 | 2025-10-05 19:33:21,518 - act.nodes.ShopifyNode - ERROR - Error registering ShopifyNode with registry: name 'self' is not defined
2025-10-05 21:33:21.617 | 2025-10-05 19:33:21,617 - node_registry - INFO - Registered node type: okta -> OktaNode
2025-10-05 21:33:21.619 | 2025-10-05 19:33:21,618 - act.nodes.OktaNode - ERROR - Error registering OktaNode with registry: name 'self' is not defined
2025-10-05 21:33:21.669 | 2025-10-05 19:33:21,669 - node_registry - INFO - Registered node type: googlecloud -> GoogleCloudNode
2025-10-05 21:33:21.671 | 2025-10-05 19:33:21,670 - act.nodes.GoogleCloudNode - ERROR - Error registering GoogleCloudNode with registry: name 'self' is not defined
2025-10-05 21:33:21.719 | 2025-10-05 19:33:21,718 - node_registry - INFO - Registered node type: onelogin -> OneLoginNode
2025-10-05 21:33:21.723 | 2025-10-05 19:33:21,722 - act.nodes.OneLoginNode - ERROR - Error registering OneLoginNode with registry: name 'self' is not defined
2025-10-05 21:33:21.728 | 2025-10-05 19:33:21,727 - act.execution_manager - ERROR - Error processing node file TwilioNode (/app/act/nodes/TwilioNode.py): name 'TwilioClient' is not defined
2025-10-05 21:33:21.728 | Traceback (most recent call last):
2025-10-05 21:33:21.728 |   File "/app/act/execution_manager.py", line 590, in discover_node_classes
2025-10-05 21:33:21.728 |     module = importlib.import_module(full_module_name)
2025-10-05 21:33:21.728 |              ^^^^^^^^^^^^^^^^^^^^^^^^^^^^^^^^^^^^^^^^^
2025-10-05 21:33:21.728 |   File "/usr/local/lib/python3.11/importlib/__init__.py", line 126, in import_module
2025-10-05 21:33:21.728 |     return _bootstrap._gcd_import(name[level:], package, level)
2025-10-05 21:33:21.728 |            ^^^^^^^^^^^^^^^^^^^^^^^^^^^^^^^^^^^^^^^^^^^^^^^^^^^^
2025-10-05 21:33:21.728 |   File "<frozen importlib._bootstrap>", line 1204, in _gcd_import
2025-10-05 21:33:21.728 |   File "<frozen importlib._bootstrap>", line 1176, in _find_and_load
2025-10-05 21:33:21.728 |   File "<frozen importlib._bootstrap>", line 1147, in _find_and_load_unlocked
2025-10-05 21:33:21.728 |   File "<frozen importlib._bootstrap>", line 690, in _load_unlocked
2025-10-05 21:33:21.728 |   File "<frozen importlib._bootstrap_external>", line 940, in exec_module
2025-10-05 21:33:21.728 |   File "<frozen importlib._bootstrap>", line 241, in _call_with_frames_removed
2025-10-05 21:33:21.728 |   File "/app/act/nodes/TwilioNode.py", line 136, in <module>
2025-10-05 21:33:21.728 |     class TwilioClientWrapper:
2025-10-05 21:33:21.728 |   File "/app/act/nodes/TwilioNode.py", line 139, in TwilioClientWrapper
2025-10-05 21:33:21.728 |     def __init__(self, client: TwilioClient):
2025-10-05 21:33:21.728 |                                ^^^^^^^^^^^^
2025-10-05 21:33:21.728 | NameError: name 'TwilioClient' is not defined
2025-10-05 21:33:21.732 | 2025-10-05 19:33:21,732 - act.execution_manager - ERROR - ImportError processing node file TokenCountingNode: No module named 'act_workflow.act.node_schema'
2025-10-05 21:33:21.740 | 2025-10-05 19:33:21,739 - act.execution_manager - ERROR - ImportError processing node file AwsNode: No module named 'act_workflow.act.node_schema'
2025-10-05 21:33:21.767 | 2025-10-05 19:33:21,767 - act.execution_manager - ERROR - ImportError processing node file RAGNode: attempted relative import with no known parent package
2025-10-05 21:33:21.791 | 2025-10-05 19:33:21,790 - node_registry - INFO - Registered node type: huggingface -> HuggingFaceNode
2025-10-05 21:33:21.792 | 2025-10-05 19:33:21,792 - act.nodes.HuggingFaceNode - ERROR - Error registering HuggingFaceNode with registry: name 'self' is not defined
2025-10-05 21:33:21.795 | 2025-10-05 19:33:21,795 - act.execution_manager - ERROR - Error processing node file NodeTemplate (/app/act/nodes/NodeTemplate.py): invalid syntax (NodeTemplate.py, line 34)
2025-10-05 21:33:21.795 | Traceback (most recent call last):
2025-10-05 21:33:21.795 |   File "/app/act/execution_manager.py", line 590, in discover_node_classes
2025-10-05 21:33:21.795 |     module = importlib.import_module(full_module_name)
2025-10-05 21:33:21.795 |              ^^^^^^^^^^^^^^^^^^^^^^^^^^^^^^^^^^^^^^^^^
2025-10-05 21:33:21.795 |   File "/usr/local/lib/python3.11/importlib/__init__.py", line 126, in import_module
2025-10-05 21:33:21.795 |     return _bootstrap._gcd_import(name[level:], package, level)
2025-10-05 21:33:21.795 |            ^^^^^^^^^^^^^^^^^^^^^^^^^^^^^^^^^^^^^^^^^^^^^^^^^^^^
2025-10-05 21:33:21.795 |   File "<frozen importlib._bootstrap>", line 1204, in _gcd_import
2025-10-05 21:33:21.795 |   File "<frozen importlib._bootstrap>", line 1176, in _find_and_load
2025-10-05 21:33:21.795 |   File "<frozen importlib._bootstrap>", line 1147, in _find_and_load_unlocked
2025-10-05 21:33:21.795 |   File "<frozen importlib._bootstrap>", line 690, in _load_unlocked
2025-10-05 21:33:21.795 |   File "<frozen importlib._bootstrap_external>", line 936, in exec_module
2025-10-05 21:33:21.795 |   File "<frozen importlib._bootstrap_external>", line 1074, in get_code
2025-10-05 21:33:21.795 |   File "<frozen importlib._bootstrap_external>", line 1004, in source_to_code
2025-10-05 21:33:21.795 |   File "<frozen importlib._bootstrap>", line 241, in _call_with_frames_removed
2025-10-05 21:33:21.795 |   File "/app/act/nodes/NodeTemplate.py", line 34
2025-10-05 21:33:21.795 |     class {SERVICE_NAME}Operation:
2025-10-05 21:33:21.795 |           ^
2025-10-05 21:33:21.795 | SyntaxError: invalid syntax
2025-10-05 21:33:22.982 | 2025-10-05 19:33:22,982 - act.execution_manager - ERROR - ImportError processing node file lianer: No module named 'transformers'
2025-10-05 21:33:23.001 | 2025-10-05 19:33:23,001 - node_registry - INFO - Registered node type: azure -> AzureNode
2025-10-05 21:33:23.002 | 2025-10-05 19:33:23,001 - act.nodes.AzureNode - ERROR - Error registering AzureNode with registry: name 'self' is not defined
2025-10-05 21:33:23.018 | 2025-10-05 19:33:23,018 - node_registry - INFO - Registered node type: kubernetes -> KubernetesNode
2025-10-05 21:33:23.020 | 2025-10-05 19:33:23,019 - act.nodes.KubernetesNode - ERROR - Error registering KubernetesNode with registry: name 'self' is not defined
2025-10-05 21:33:23.024 | 2025-10-05 19:33:23,023 - act.execution_manager - ERROR - ImportError processing node file FunctionCallingNode: attempted relative import with no known parent package
2025-10-05 21:33:23.043 | 2025-10-05 19:33:23,042 - node_registry - INFO - Registered node type: cyberark -> CyberArkNode
2025-10-05 21:33:23.043 | 2025-10-05 19:33:23,043 - act.nodes.CyberArkNode - ERROR - Error registering CyberArkNode with registry: name 'self' is not defined
2025-10-05 21:33:23.065 | 2025-10-05 19:33:23,065 - universal_request_node - INFO - UniversalRequestNode initialized for openai
2025-10-05 21:33:23.068 | 2025-10-05 19:33:23,068 - node_registry - WARNING - Could not verify schema for node type 'wise': 1 validation error for NodeParameter
2025-10-05 21:33:23.069 | name
2025-10-05 21:33:23.069 |   Field required [type=missing, input_value={'type': <NodeParameterTy...OOK', 'VERIFY_ACCOUNT']}, input_type=dict]
2025-10-05 21:33:23.069 |     For further information visit https://errors.pydantic.dev/2.11/v/missing
2025-10-05 21:33:23.069 | 2025-10-05 19:33:23,068 - node_registry - INFO - Registered node type: wise -> WiseNode
2025-10-05 21:33:23.069 | 2025-10-05 19:33:23,068 - WiseNode - ERROR - Error registering WiseNode with registry: name 'self' is not defined
2025-10-05 21:33:23.125 | 2025-10-05 19:33:23,124 - node_registry - WARNING - Could not verify schema for node type 'zoom': UniversalRequestNode.__init__() missing 2 required positional arguments: 'config' and 'operations'
2025-10-05 21:33:23.126 | 2025-10-05 19:33:23,125 - node_registry - INFO - Registered node type: zoom -> ZoomNode
2025-10-05 21:33:23.126 | 2025-10-05 19:33:23,125 - ZoomNode - ERROR - Error registering ZoomNode with registry: name 'self' is not defined
2025-10-05 21:33:23.158 | 2025-10-05 19:33:23,158 - node_registry - INFO - Registered node type: vault -> VaultNode
2025-10-05 21:33:23.159 | 2025-10-05 19:33:23,159 - VaultNode - ERROR - Error registering VaultNode with registry: name 'self' is not defined
2025-10-05 21:33:23.199 | 2025-10-05 19:33:23,198 - node_registry - INFO - Registered node type: google_analytics -> GoogleAnalyticsNode
2025-10-05 21:33:23.199 | 2025-10-05 19:33:23,199 - GoogleAnalyticsNode - ERROR - Error registering GoogleAnalyticsNode with registry: name 'self' is not defined
2025-10-05 21:33:23.237 | 2025-10-05 19:33:23,237 - universal_request_node - INFO - UniversalRequestNode initialized for 
2025-10-05 21:33:23.250 | 2025-10-05 19:33:23,250 - universal_request_node - INFO - UniversalRequestNode initialized for asana
2025-10-05 21:33:23.253 | Error loading module PyNode.py: attempted relative import with no known parent package
2025-10-05 21:33:23.268 | 2025-10-05 19:33:23,268 - node_registry - WARNING - Could not verify schema for node type 'monday': 1 validation error for NodeParameter
2025-10-05 21:33:23.268 | name
2025-10-05 21:33:23.268 |   Field required [type=missing, input_value={'type': <NodeParameterTy...M', 'UPDATE_WORKSPACE']}, input_type=dict]
2025-10-05 21:33:23.268 |     For further information visit https://errors.pydantic.dev/2.11/v/missing
2025-10-05 21:33:23.268 | 2025-10-05 19:33:23,268 - node_registry - INFO - Registered node type: monday -> MondayNode
2025-10-05 21:33:23.268 | 2025-10-05 19:33:23,268 - MondayNode - ERROR - Error registering MondayNode with registry: name 'self' is not defined
2025-10-05 21:33:23.272 | Error loading module PromptTemplatingNode.py: No module named 'act_workflow.act.node_schema'
2025-10-05 21:33:23.273 | Error loading module ConversationMemoryNode.py: attempted relative import with no known parent package
2025-10-05 21:33:23.275 | Error loading module VectorDatabaseNode.py: attempted relative import with no known parent package
2025-10-05 21:33:23.290 | 2025-10-05 19:33:23,290 - node_registry - INFO - Registered node type: qrcode -> QRCodeNode
2025-10-05 21:33:23.291 | 2025-10-05 19:33:23,290 - QRCodeNode - ERROR - Error registering QRCodeNode with registry: name 'self' is not defined
2025-10-05 21:33:23.305 | 2025-10-05 19:33:23,305 - node_registry - WARNING - Could not verify schema for node type 'list': name 'NodeResource' is not defined
2025-10-05 21:33:23.305 | 2025-10-05 19:33:23,305 - node_registry - INFO - Registered node type: list -> ListNode
2025-10-05 21:33:23.305 | 2025-10-05 19:33:23,305 - ListNode - ERROR - Error registering ListNode with registry: name 'self' is not defined
2025-10-05 21:33:23.334 | Error loading module EmbeddingSimilarityNode.py: attempted relative import with no known parent package
2025-10-05 21:33:23.336 | 2025-10-05 19:33:23,336 - universal_request_node - INFO - UniversalRequestNode initialized for auth0
2025-10-05 21:33:23.336 | 2025-10-05 19:33:23,336 - Auth0Node - INFO - Enhanced Auth0Node initialized with 39 operations and all 13 enhancements
2025-10-05 21:33:23.336 | 2025-10-05 19:33:23,336 - node_registry - INFO - Registered node type: auth0 -> Auth0Node
2025-10-05 21:33:23.336 | 2025-10-05 19:33:23,336 - Auth0Node - ERROR - Error registering Auth0Node with registry: name 'self' is not defined
2025-10-05 21:33:23.336 | 2025-10-05 19:33:23,336 - universal_request_node - INFO - UniversalRequestNode initialized for auth0
2025-10-05 21:33:23.336 | 2025-10-05 19:33:23,336 - Auth0Node - INFO - Enhanced Auth0Node initialized with 39 operations and all 13 enhancements
2025-10-05 21:33:23.350 | 2025-10-05 19:33:23,349 - node_registry - INFO - Registered node type: aggregate -> AggregateNode
2025-10-05 21:33:23.376 | 2025-10-05 19:33:23,376 - node_registry - INFO - Registered node type: Dataformatter -> DataformatterNode
2025-10-05 21:33:23.377 | 2025-10-05 19:33:23,377 - DataformatterNode - ERROR - Error registering DataformatterNode with registry: name 'self' is not defined
2025-10-05 21:33:23.415 | 2025-10-05 19:33:23,415 - node_registry - INFO - Registered node type: dynamodb -> DynamoDBNode
2025-10-05 21:33:23.416 | 2025-10-05 19:33:23,415 - DynamodbNode - ERROR - Error registering DynamoDBNode with registry: name 'self' is not defined
2025-10-05 21:33:23.429 | Error loading module CloudflareNode.py: name 'true' is not defined
2025-10-05 21:33:23.432 | 2025-10-05 19:33:23,432 - node_registry - WARNING - Could not verify schema for node type 'filter': name 'NodeResource' is not defined
2025-10-05 21:33:23.432 | 2025-10-05 19:33:23,432 - node_registry - INFO - Registered node type: filter -> FilterNode
2025-10-05 21:33:23.432 | 2025-10-05 19:33:23,432 - FilterNode - ERROR - Error registering FilterNode with registry: name 'self' is not defined
2025-10-05 21:33:23.449 | Error loading module AirtableNode.py: name 'false' is not defined
2025-10-05 21:33:23.462 | 2025-10-05 19:33:23,462 - node_registry - WARNING - Could not verify schema for node type 'shopify': UniversalRequestNode.__init__() missing 2 required positional arguments: 'config' and 'operations'
2025-10-05 21:33:23.463 | 2025-10-05 19:33:23,463 - node_registry - INFO - Registered node type: shopify -> ShopifyNode
2025-10-05 21:33:23.464 | 2025-10-05 19:33:23,463 - ShopifyNode - ERROR - Error registering ShopifyNode with registry: name 'self' is not defined
2025-10-05 21:33:23.491 | 2025-10-05 19:33:23,491 - node_registry - INFO - Registered node type: okta -> OktaNode
2025-10-05 21:33:23.492 | 2025-10-05 19:33:23,492 - OktaNode - ERROR - Error registering OktaNode with registry: name 'self' is not defined
2025-10-05 21:33:23.553 | 2025-10-05 19:33:23,553 - node_registry - INFO - Registered node type: googlecloud -> GoogleCloudNode
2025-10-05 21:33:23.554 | 2025-10-05 19:33:23,554 - GoogleCloudNode - ERROR - Error registering GoogleCloudNode with registry: name 'self' is not defined
2025-10-05 21:33:23.578 | 2025-10-05 19:33:23,578 - node_registry - INFO - Registered node type: onelogin -> OneLoginNode
2025-10-05 21:33:23.579 | 2025-10-05 19:33:23,578 - OneLoginNode - ERROR - Error registering OneLoginNode with registry: name 'self' is not defined
2025-10-05 21:33:23.595 | Error loading module TwilioNode.py: name 'TwilioClient' is not defined
2025-10-05 21:33:23.601 | Error loading module TokenCountingNode.py: No module named 'act_workflow.act.node_schema'
2025-10-05 21:33:23.618 | 2025-10-05 19:33:23,618 - node_registry - INFO - Registered node type: slack -> SlackNode
2025-10-05 21:33:23.618 | 2025-10-05 19:33:23,618 - SlackNode - ERROR - Error registering SlackNode with registry: name 'self' is not defined
2025-10-05 21:33:23.646 | Error loading module AwsNode.py: No module named 'act_workflow.act.node_schema'
2025-10-05 21:33:23.661 | 2025-10-05 19:33:23,661 - node_registry - WARNING - Could not verify schema for node type 'start': name 'NodeResource' is not defined
2025-10-05 21:33:23.661 | 2025-10-05 19:33:23,661 - node_registry - INFO - Registered node type: start -> StartNode
2025-10-05 21:33:23.661 | 2025-10-05 19:33:23,661 - StartNode - ERROR - Error registering StartNode with registry: name 'self' is not defined
2025-10-05 21:33:23.704 | Error loading module RAGNode.py: attempted relative import with no known parent package
2025-10-05 21:33:23.730 | 2025-10-05 19:33:23,729 - node_registry - INFO - Registered node type: huggingface -> HuggingFaceNode
2025-10-05 21:33:23.730 | 2025-10-05 19:33:23,730 - HuggingFaceNode - ERROR - Error registering HuggingFaceNode with registry: name 'self' is not defined
2025-10-05 21:33:23.806 | 2025-10-05 19:33:23,806 - base_node - WARNING - Node class schema type 'LogMessage' doesn't match registered type 'log_message'
2025-10-05 21:33:23.833 | 2025-10-05 19:33:23,832 - universal_request_node - INFO - UniversalRequestNode initialized for apollo
2025-10-05 21:33:23.844 | 2025-10-05 19:33:23,844 - ApolloNode - INFO - Enhanced ApolloNode initialized with all 13 advanced features
2025-10-05 21:33:23.874 | 2025-10-05 19:33:23,874 - universal_request_node - INFO - UniversalRequestNode initialized for affinity
2025-10-05 21:33:23.912 | 2025-10-05 19:33:23,911 - AffinityNode - INFO - AffinityNode FULLY RESTORED with all 40 operations + enhanced features
2025-10-05 21:33:23.926 | 2025-10-05 19:33:23,926 - node_registry - INFO - Registered node type: azure -> AzureNode
2025-10-05 21:33:23.927 | 2025-10-05 19:33:23,926 - AzureNode - ERROR - Error registering AzureNode with registry: name 'self' is not defined
2025-10-05 21:33:23.956 | 2025-10-05 19:33:23,955 - node_registry - INFO - Registered node type: kubernetes -> KubernetesNode
2025-10-05 21:33:23.956 | 2025-10-05 19:33:23,956 - KubernetesNode - ERROR - Error registering KubernetesNode with registry: name 'self' is not defined
2025-10-05 21:33:23.983 | Error loading module FunctionCallingNode.py: attempted relative import with no known parent package
2025-10-05 21:33:24.024 | 2025-10-05 19:33:24,024 - node_registry - INFO - Registered node type: cyberark -> CyberArkNode
2025-10-05 21:33:24.025 | 2025-10-05 19:33:24,025 - CyberArkNode - ERROR - Error registering CyberArkNode with registry: name 'self' is not defined
2025-10-05 21:33:24.040 | 2025-10-05 19:33:24,039 - universal_request_node - INFO - UniversalRequestNode initialized for actionnetwork
2025-10-05 21:33:24.056 | 2025-10-05 19:33:24,056 - ActionNetworkNode - INFO - RECOVERED - ActionNetworkNode initialized with all 20 original operations and 13 advanced features
2025-10-05 21:33:24.062 | Error loading module ContentModerationNode.py: attempted relative import with no known parent package
2025-10-05 21:33:24.079 | 2025-10-05 19:33:24,079 - act.nodes.universal_request_node - INFO - UniversalRequestNode initialized for github
2025-10-05 21:33:24.093 | 2025-10-05 19:33:24,093 - act.nodes.universal_request_node - INFO - UniversalRequestNode initialized for github
2025-10-05 21:33:24.190 | 2025-10-05 19:33:24,190 - node_registry - INFO - Registered node type: request -> RequestNode
2025-10-05 21:33:24.191 | 2025-10-05 19:33:24,191 - RequestNode - ERROR - Error registering RequestNode with registry: name 'self' is not defined
2025-10-05 21:33:24.237 | 2025-10-05 19:33:24,237 - node_registry - INFO - Registered node type: terraform -> TerraformNode
2025-10-05 21:33:24.238 | 2025-10-05 19:33:24,238 - TerraformNode - ERROR - Error registering TerraformNode with registry: name 'self' is not defined
2025-10-05 21:33:24.277 | 2025-10-05 19:33:24,277 - node_registry - INFO - Registered node type: docker -> DockerNode
2025-10-05 21:33:24.278 | 2025-10-05 19:33:24,278 - DockerNode - ERROR - Error registering DockerNode with registry: name 'self' is not defined
2025-10-05 21:33:24.302 | 2025-10-05 19:33:24,302 - node_registry - INFO - Registered node type: jenkins -> JenkinsNode
2025-10-05 21:33:24.302 | 2025-10-05 19:33:24,302 - JenkinsNode - ERROR - Error registering JenkinsNode with registry: name 'self' is not defined
2025-10-05 21:33:24.316 | Error loading module ResponseParsingNode.py: attempted relative import with no known parent package
2025-10-05 21:33:24.317 | 2025-10-05 19:33:24,317 - universal_request_node - INFO - UniversalRequestNode initialized for adalo
2025-10-05 21:33:24.362 | 2025-10-05 19:33:24,361 - AdaloNode - INFO - Enhanced AdaloNode initialized with ALL 17 operations and all 13 advanced features
2025-10-05 21:33:24.774 | 2025-10-05 19:33:24,773 - node_registry - INFO - Registered node type: neo4j -> Neo4jNode
2025-10-05 21:33:24.774 | 2025-10-05 19:33:24,774 - Neo4jNode - ERROR - Error registering Neo4jNode with registry: name 'self' is not defined
2025-10-05 21:33:24.799 | 2025-10-05 19:33:24,799 - node_registry - WARNING - Could not verify schema for node type 'onedrive': UniversalRequestNode.__init__() missing 2 required positional arguments: 'config' and 'operations'
2025-10-05 21:33:24.800 | 2025-10-05 19:33:24,800 - node_registry - INFO - Registered node type: onedrive -> OneDriveNode
2025-10-05 21:33:24.800 | 2025-10-05 19:33:24,800 - OneDriveNode - ERROR - Error registering OneDriveNode with registry: name 'self' is not defined
2025-10-05 21:33:24.825 | 2025-10-05 19:33:24,825 - node_registry - INFO - Registered node type: pinecone -> PineconeNode
2025-10-05 21:33:24.826 | 2025-10-05 19:33:24,826 - PineconeNode - ERROR - Error registering PineconeNode with registry: name 'self' is not defined
2025-10-05 21:33:24.853 | 2025-10-05 19:33:24,852 - NeonNode - CRITICAL - NeonNode schema: operation enum values: ['execute_query', 'execute_transaction', 'create_table', 'insert_data', 'select_data', 'update_data', 'delete_data', 'upsert_data', 'bulk_insert', 'create_index', 'drop_index', 'create_schema', 'drop_schema', 'analyze_table', 'vacuum_table', 'get_table_info', 'get_database_info', 'get_schema_info', 'backup_table', 'restore_table']
2025-10-05 21:33:24.866 | 2025-10-05 19:33:24,865 - NeonNode - CRITICAL - NeonNode schema: operation enum values: ['execute_query', 'execute_transaction', 'create_table', 'insert_data', 'select_data', 'update_data', 'delete_data', 'upsert_data', 'bulk_insert', 'create_index', 'drop_index', 'create_schema', 'drop_schema', 'analyze_table', 'vacuum_table', 'get_table_info', 'get_database_info', 'get_schema_info', 'backup_table', 'restore_table']
2025-10-05 21:33:24.867 | 2025-10-05 19:33:24,866 - NeonNode - CRITICAL - NeonNode schema: operation enum values: ['execute_query', 'execute_transaction', 'create_table', 'insert_data', 'select_data', 'update_data', 'delete_data', 'upsert_data', 'bulk_insert', 'create_index', 'drop_index', 'create_schema', 'drop_schema', 'analyze_table', 'vacuum_table', 'get_table_info', 'get_database_info', 'get_schema_info', 'backup_table', 'restore_table']
2025-10-05 21:33:24.879 | 2025-10-05 19:33:24,879 - node_registry - WARNING - Could not verify schema for node type 'googleads': 1 validation error for NodeParameter
2025-10-05 21:33:24.879 | name
2025-10-05 21:33:24.879 |   Field required [type=missing, input_value={'type': <NodeParameterTy..., 'UPLOAD_IMAGE_ASSET']}, input_type=dict]
2025-10-05 21:33:24.879 |     For further information visit https://errors.pydantic.dev/2.11/v/missing
2025-10-05 21:33:24.879 | 2025-10-05 19:33:24,879 - node_registry - INFO - Registered node type: googleads -> GoogleAdsNode
2025-10-05 21:33:24.879 | 2025-10-05 19:33:24,879 - GoogleAdsNode - ERROR - Error registering GoogleAdsNode with registry: name 'self' is not defined
2025-10-05 21:33:24.893 | 2025-10-05 19:33:24,892 - PointCloudNode - WARNING - Open3D not available - primary point cloud library missing
2025-10-05 21:33:24.910 | 2025-10-05 19:33:24,909 - root - INFO - Loaded 59 node types
2025-10-05 21:33:24.917 | 2025-10-05 19:33:24,917 - act.execution_manager - ERROR - ImportError processing node file ContentModerationNode: attempted relative import with no known parent package
2025-10-05 21:33:24.947 | 2025-10-05 19:33:24,947 - node_registry - INFO - Registered node type: terraform -> TerraformNode
2025-10-05 21:33:24.947 | 2025-10-05 19:33:24,947 - act.nodes.TerraformNode - ERROR - Error registering TerraformNode with registry: name 'self' is not defined
2025-10-05 21:33:24.961 | 2025-10-05 19:33:24,961 - node_registry - INFO - Registered node type: docker -> DockerNode
2025-10-05 21:33:24.962 | 2025-10-05 19:33:24,961 - act.nodes.DockerNode - ERROR - Error registering DockerNode with registry: name 'self' is not defined
2025-10-05 21:33:24.976 | 2025-10-05 19:33:24,976 - node_registry - INFO - Registered node type: jenkins -> JenkinsNode
2025-10-05 21:33:24.977 | 2025-10-05 19:33:24,976 - act.nodes.JenkinsNode - ERROR - Error registering JenkinsNode with registry: name 'self' is not defined
2025-10-05 21:33:24.981 | 2025-10-05 19:33:24,981 - act.execution_manager - ERROR - ImportError processing node file ResponseParsingNode: attempted relative import with no known parent package
2025-10-05 21:33:24.995 | 2025-10-05 19:33:24,995 - node_registry - INFO - Registered node type: neo4j -> Neo4jNode
2025-10-05 21:33:24.996 | 2025-10-05 19:33:24,995 - act.nodes.Neo4jNode - ERROR - Error registering Neo4jNode with registry: name 'self' is not defined
2025-10-05 21:33:25.011 | 2025-10-05 19:33:25,010 - node_registry - WARNING - Could not verify schema for node type 'onedrive': UniversalRequestNode.__init__() missing 2 required positional arguments: 'config' and 'operations'
2025-10-05 21:33:25.012 | 2025-10-05 19:33:25,011 - node_registry - INFO - Registered node type: onedrive -> OneDriveNode
2025-10-05 21:33:25.012 | 2025-10-05 19:33:25,012 - act.nodes.OneDriveNode - ERROR - Error registering OneDriveNode with registry: name 'self' is not defined
2025-10-05 21:33:25.026 | 2025-10-05 19:33:25,026 - node_registry - INFO - Registered node type: pinecone -> PineconeNode
2025-10-05 21:33:25.026 | 2025-10-05 19:33:25,026 - act.nodes.PineconeNode - ERROR - Error registering PineconeNode with registry: name 'self' is not defined
2025-10-05 21:33:25.030 | 2025-10-05 19:33:25,029 - act.nodes.NeonNode - CRITICAL - NeonNode schema: operation enum values: ['execute_query', 'execute_transaction', 'create_table', 'insert_data', 'select_data', 'update_data', 'delete_data', 'upsert_data', 'bulk_insert', 'create_index', 'drop_index', 'create_schema', 'drop_schema', 'analyze_table', 'vacuum_table', 'get_table_info', 'get_database_info', 'get_schema_info', 'backup_table', 'restore_table']
2025-10-05 21:33:25.041 | 2025-10-05 19:33:25,041 - act.nodes.NeonNode - CRITICAL - NeonNode schema: operation enum values: ['execute_query', 'execute_transaction', 'create_table', 'insert_data', 'select_data', 'update_data', 'delete_data', 'upsert_data', 'bulk_insert', 'create_index', 'drop_index', 'create_schema', 'drop_schema', 'analyze_table', 'vacuum_table', 'get_table_info', 'get_database_info', 'get_schema_info', 'backup_table', 'restore_table']
2025-10-05 21:33:25.043 | 2025-10-05 19:33:25,043 - node_registry - WARNING - Could not verify schema for node type 'googleads': 1 validation error for NodeParameter
2025-10-05 21:33:25.043 | name
2025-10-05 21:33:25.043 |   Field required [type=missing, input_value={'type': <NodeParameterTy..., 'UPLOAD_IMAGE_ASSET']}, input_type=dict]
2025-10-05 21:33:25.043 |     For further information visit https://errors.pydantic.dev/2.11/v/missing
2025-10-05 21:33:25.043 | 2025-10-05 19:33:25,043 - node_registry - INFO - Registered node type: googleads -> GoogleAdsNode
2025-10-05 21:33:25.043 | 2025-10-05 19:33:25,043 - act.nodes.GoogleAdsNode - ERROR - Error registering GoogleAdsNode with registry: name 'self' is not defined
2025-10-05 21:33:25.158 | 2025-10-05 19:33:25,158 - act.nodes.PointCloudNode - WARNING - Open3D not available - primary point cloud library missing
2025-10-05 21:33:25.196 | 2025-10-05 19:33:25,196 - act.nodes.NeonNode - CRITICAL - NeonNode schema: operation enum values: ['execute_query', 'execute_transaction', 'create_table', 'insert_data', 'select_data', 'update_data', 'delete_data', 'upsert_data', 'bulk_insert', 'create_index', 'drop_index', 'create_schema', 'drop_schema', 'analyze_table', 'vacuum_table', 'get_table_info', 'get_database_info', 'get_schema_info', 'backup_table', 'restore_table']
2025-10-05 21:33:25.208 | 
2025-10-05 21:33:25.208 | --- Node Executor Loading Status ---
2025-10-05 21:33:25.208 | --------------------+----------------+-------------------------------------------------------------------------
2025-10-05 21:33:25.208 | | Required Node Type | Loading Status | Details                                                                 |
2025-10-05 21:33:25.208 | --------------------+----------------+-------------------------------------------------------------------------
2025-10-05 21:33:25.208 | | aci                | ‚úì SUCCESS      | Found exact match: class ACINode -> Instantiated successfully.          |
2025-10-05 21:33:25.208 | | generate_uuid      | ‚úì SUCCESS      | Found exact match: class GenerateUUIDNode -> Instantiated successfully. |
2025-10-05 21:33:25.208 | | log_message        | ‚úì SUCCESS      | Found exact match: class LogMessageNode -> Instantiated successfully.   |
2025-10-05 21:33:25.208 | | neon               | ‚úì SUCCESS      | Found exact match: class NeonNode -> Instantiated successfully.         |
2025-10-05 21:33:25.208 | --------------------+----------------+-------------------------------------------------------------------------
2025-10-05 21:33:25.208 | ------------------------------------
2025-10-05 21:33:25.208 | 
2025-10-05 21:33:25.208 | 
2025-10-05 21:33:25.208 | ü§ñ Agent Mode Detected - Starting Agent Server
2025-10-05 21:33:25.208 | üìã Agent Name: CompleteRestaurantBackend
2025-10-05 21:33:25.208 | üåê Host: 0.0.0.0
2025-10-05 21:33:25.208 | üöÄ Port: 6543
2025-10-05 21:33:25.208 | 
2025-10-05 21:33:25.208 | üåê Agent Server URLs:
2025-10-05 21:33:25.208 |    üìä Dashboard:     http://0.0.0.0:6543/admin/dashboard
2025-10-05 21:33:25.208 |    üîç API Status:    http://0.0.0.0:6543/api/status
2025-10-05 21:33:25.208 |    üöÄ ACI Routes:    http://0.0.0.0:6543/aci
2025-10-05 21:33:25.208 |    üíö Health Check:  http://0.0.0.0:6543/health
2025-10-05 21:33:25.208 | 
2025-10-05 21:33:25.208 | üß™ Test your ACI routes:
2025-10-05 21:33:25.208 |    curl http://0.0.0.0:6543/aci/users
2025-10-05 21:33:25.208 |    curl -X POST http://0.0.0.0:6543/aci/users -H "Content-Type: application/json" -d '{"name":"John","email":"john@example.com"}'
2025-10-05 21:33:25.208 |    curl -X POST http://0.0.0.0:6543/aci/users/get -H "Content-Type: application/json" -d '{"user_id":"123"}'
2025-10-05 21:33:25.208 | 
2025-10-05 21:33:25.208 | üõë Stop the agent: Press Ctrl+C
2025-10-05 21:33:25.208 | 2025-10-05 19:33:25,208 - act.agent_server - INFO - AgentServer: Initializing resolved parameters...
2025-10-05 21:33:25.208 | 2025-10-05 19:33:25,208 - act.agent_server - WARNING - AgentServer: Attempting fallback for parameter resolution. This only handles ${ENV_VAR} directly.
2025-10-05 21:33:25.208 | 2025-10-05 19:33:25,208 - act.agent_server - INFO - AgentServer: Fallback parameter resolution complete. Resolved: ['connection_string']
2025-10-05 21:33:25.208 | 2025-10-05 19:33:25,208 - act.agent_server - INFO - AgentServer: Final initialized global parameters: {
2025-10-05 21:33:25.208 |   "connection_string": "postgresql://neondb_owner:npg_aWbKzVAUTh92@ep-blue-resonance-a8r3rq32-pooler.eastus2.azure.neon.tech/neondb?sslmode=require"
2025-10-05 21:33:25.208 | }
2025-10-05 21:33:25.209 | 2025-10-05 19:33:25,208 - act.agent_server - INFO - üìã Discovered 89 total nodes from Actfile.
2025-10-05 21:33:25.209 | 2025-10-05 19:33:25,209 - act.agent_server - INFO - üîó Discovered 53 edge definitions.
2025-10-05 21:33:25.209 | 2025-10-05 19:33:25,209 - act.agent_server - INFO - üîé ACI route discovery complete. Found 36 route definitions.
2025-10-05 21:33:25.209 | 2025-10-05 19:33:25,209 - act.agent_server - INFO - üîç Discovery complete: 89 nodes, 36 ACI routes, 53 edges.
2025-10-05 21:33:25.212 | 2025-10-05 19:33:25,212 - act.agent_server - INFO - üîß Attempting to register 36 ACI-defined Flask routes...
2025-10-05 21:33:25.225 | 2025-10-05 19:33:25,224 - act.agent_server - INFO - ‚úÖ Successfully registered 36 Flask routes from ACI definitions
2025-10-05 21:33:25.225 | 2025-10-05 19:33:25,224 - act.agent_server - INFO - Flask app created and all routes (standard and dynamic ACI) registered.
2025-10-05 21:33:25.225 | 2025-10-05 19:33:25,224 - act.agent_server - INFO - ü§ñ Starting CompleteRestaurantBackend v2.0.0...
2025-10-05 21:33:25.225 | 2025-10-05 19:33:25,224 - act.agent_server - INFO - üåç Flask server will listen on http://0.0.0.0:6543
2025-10-05 21:33:25.225 | 2025-10-05 19:33:25,224 - act.agent_server - INFO - üõ†Ô∏è Debug mode: ON
2025-10-05 21:33:25.225 | 2025-10-05 19:33:25,224 - act.agent_server - INFO - üîó CORS enabled: Yes
2025-10-05 21:33:25.225 | 2025-10-05 19:33:25,224 - act.agent_server - INFO - üöÄ 36 dynamic API routes registered from Actfile ACI definitions.
2025-10-05 21:33:25.225 | 2025-10-05 19:33:25,224 - act.agent_server - INFO - üîó 53 workflow edge definitions loaded.
2025-10-05 21:33:25.225 | 2025-10-05 19:33:25,224 - act.agent_server - INFO - üìã 89 total nodes discovered in Actfile.
2025-10-05 21:33:25.225 | 2025-10-05 19:33:25,224 - act.agent_server - INFO - üìç Server ready at http://0.0.0.0:6543 | Dashboard: /admin/dashboard | Health: /health | API: /api/status
2025-10-05 21:33:25.339 | 2025-10-05 19:33:25,338 - werkzeug - WARNING -  * Debugger is active!
2025-10-05 21:33:25.342 | 2025-10-05 19:33:25,340 - werkzeug - INFO -  * Debugger PIN: 575-550-197